Scer_chrI	230218	9456	20024	45631	65653	20023	1	20023	20020	0.0	36971	100.00	20022	100.00	20022	1	0	0	1	1
Scer_chrI	230218	9394	17973	108737	126709	17973	1	17973	17973	0.0	33190	100.00	17973	100.00	17973	0	0	0	1	1
Scer_chrI	230218	9378	17606	75010	92615	1	17606	17606	17606	0.0	32513	100.00	17606	100.00	17606	0	0	0	1	1
Scer_chrI	230218	9042	11122	128093	139214	1	11122	11122	11122	0.0	20539	100.00	11122	100.00	11122	0	0	0	1	1
Scer_chrI	230218	8822	8675	92586	101260	8675	1	8675	8675	0.0	16020	100.00	8675	100.00	8675	0	0	0	1	1
Scer_chrI	230218	8718	7580	27553	35128	1	7576	7576	7576	0.0	13991	100.00	7576	100.00	7576	0	0	0	1	1
Scer_chrI	230218	8718	7580	203448	203818	371	1	373	266	2e-136	492	90.62	338	90.62	338	31	4	4	1	1
Scer_chrI	230218	8698	7468	101298	108765	1	7468	7468	7468	0.0	13791	100.00	7468	100.00	7468	0	0	0	1	1
Scer_chrI	230218	8688	7365	192552	199916	1	7365	7365	7362	0.0	13596	99.99	7364	99.99	7364	1	0	0	1	1
Scer_chrI	230218	8684	7332	144788	152119	7332	1	7332	7332	0.0	13540	100.00	7332	100.00	7332	0	0	0	1	1
Scer_chrI	230218	8646	6990	35116	42105	1	6990	6990	6990	0.0	12909	100.00	6990	100.00	6990	0	0	0	1	1
Scer_chrI	230218	8456	5771	166278	172048	5771	1	5771	5771	0.0	10658	100.00	5771	100.00	5771	0	0	0	1	1
Scer_chrI	230218	8408	5450	154848	160297	5450	1	5450	5450	0.0	10065	100.00	5450	100.00	5450	0	0	0	1	1
Scer_chrI	230218	8408	5450	165826	165885	60	1	60	60	6e-22	111	100.00	60	100.00	60	0	0	0	1	1
Scer_chrI	230218	8408	5450	183415	183474	1	60	60	51	6e-17	95.3	95.00	57	95.00	57	3	0	0	1	1
Scer_chrI	230218	8348	5098	6737	11806	29	5098	5070	5070	0.0	9363	100.00	5070	100.00	5070	0	0	0	1	1
Scer_chrI	230218	8348	5098	24007	24238	4867	5098	233	139	7e-66	257	86.70	202	86.70	202	29	2	2	1	1
Scer_chrI	230218	8348	5098	207778	208009	5098	4867	233	133	1e-62	246	85.84	200	85.84	200	31	2	2	1	1
Scer_chrI	230218	8280	4792	171993	176784	1	4792	4792	4792	0.0	8850	100.00	4792	100.00	4792	0	0	0	1	1
Scer_chrI	230218	8280	4792	1805	1936	4661	4792	132	90	1e-38	167	89.39	118	89.39	118	14	0	0	1	1
Scer_chrI	230218	8182	4259	177002	181260	1	4259	4259	4259	0.0	7866	100.00	4259	100.00	4259	0	0	0	1	1
Scer_chrI	230218	8182	4259	2148	2240	1	102	103	37	3e-09	69.4	80.58	83	80.58	83	9	8	11	1	1
Scer_chrI	230218	8176	4213	2547	6755	4213	5	4209	4209	0.0	7773	100.00	4209	100.00	4209	0	0	0	1	1
Scer_chrI	230218	8082	3783	183731	187513	1	3783	3783	3783	0.0	6986	100.00	3783	100.00	3783	0	0	0	1	1
Scer_chrI	230218	8082	3783	184871	185139	19	287	270	122	2e-56	226	81.85	221	81.85	221	47	2	2	1	1
Scer_chrI	230218	8082	3783	183749	184017	1141	1409	270	122	2e-56	226	81.85	221	81.85	221	47	2	2	1	1
Scer_chrI	230218	8082	3783	188089	188238	3274	3423	150	81	1e-33	150	84.67	127	84.67	127	23	0	0	1	1
Scer_chrI	230218	8030	3621	199909	203524	3616	1	3616	3616	0.0	6678	100.00	3616	100.00	3616	0	0	0	1	1
Scer_chrI	230218	7996	3493	71531	75023	3493	1	3493	3484	0.0	6434	99.91	3490	99.91	3490	3	0	0	1	1
Scer_chrI	230218	7876	2951	189606	192556	1	2951	2951	2951	0.0	5450	100.00	2951	100.00	2951	0	0	0	1	1
Scer_chrI	230218	7876	2951	183364	183474	45	152	111	70	2e-27	130	88.29	98	88.29	98	10	3	3	1	1
Scer_chrI	230218	7846	2828	42820	45647	2828	1	2828	2828	0.0	5223	100.00	2828	100.00	2828	0	0	0	1	1
Scer_chrI	230218	7818	2727	152123	154849	2727	1	2727	2727	0.0	5036	100.00	2727	100.00	2727	0	0	0	1	1
Scer_chrI	230218	7808	2687	220383	223008	2687	62	2626	2623	0.0	4844	99.96	2625	99.96	2625	1	0	0	1	1
Scer_chrI	230218	7808	2687	165846	165887	42	1	42	42	6e-12	78.7	100.00	42	100.00	42	0	0	0	1	1
Scer_chrI	230218	7808	2687	160258	160299	42	1	42	42	6e-12	78.7	100.00	42	100.00	42	0	0	0	1	1
Scer_chrI	230218	7808	2687	183413	183454	1	42	42	42	6e-12	78.7	100.00	42	100.00	42	0	0	0	1	1
Scer_chrI	230218	7786	2551	65609	68159	2551	1	2551	2551	0.0	4711	100.00	2551	100.00	2551	0	0	0	1	1
Scer_chrI	230218	7590	1916	214097	216012	1916	1	1916	1916	0.0	3539	100.00	1916	100.00	1916	0	0	0	1	1
Scer_chrI	230218	7590	1916	16294	17227	1	929	934	808	0.0	1493	95.61	893	95.61	893	36	2	5	1	1
Scer_chrI	230218	7590	1916	17221	18001	1136	1916	785	670	0.0	1238	95.29	748	95.29	748	29	2	8	1	1
Scer_chrI	230218	7522	1741	216604	218344	1	1741	1741	1741	0.0	3216	100.00	1741	100.00	1741	0	0	0	1	1
Scer_chrI	230218	7522	1741	13949	15682	1741	1	1742	1539	0.0	2843	96.21	1676	96.21	1676	57	4	9	1	1
Scer_chrI	230218	7516	1734	13949	15682	1	1734	1734	1734	0.0	3203	100.00	1734	100.00	1734	0	0	0	1	1
Scer_chrI	230218	7516	1734	216604	218344	1734	1	1742	1539	0.0	2843	96.21	1676	96.21	1676	57	4	9	1	1
Scer_chrI	230218	7510	1731	68127	69843	1731	15	1717	1717	0.0	3171	100.00	1717	100.00	1717	0	0	0	1	1
Scer_chrI	230218	7506	1708	16294	18001	1708	1	1708	1708	0.0	3155	100.00	1708	100.00	1708	0	0	0	1	1
Scer_chrI	230218	7506	1708	215084	216012	775	1708	934	808	0.0	1493	95.61	893	95.61	893	36	2	5	1	1
Scer_chrI	230218	7506	1708	214097	214877	1	781	785	670	0.0	1238	95.29	748	95.29	748	29	2	8	1	1
Scer_chrI	230218	7504	1695	225082	226776	1	1695	1695	1695	0.0	3131	100.00	1695	100.00	1695	0	0	0	1	1
Scer_chrI	230218	7436	1488	218804	220291	1488	1	1488	1485	0.0	2743	99.93	1487	99.93	1487	1	0	0	1	1
Scer_chrI	230218	7436	1488	13089	13467	1063	1467	405	215	4e-108	398	85.43	346	85.43	346	33	12	26	1	1
Scer_chrI	230218	7436	1488	204078	204355	1485	1208	281	122	2e-56	226	81.49	229	81.49	229	46	4	6	1	1
Scer_chrI	230218	7436	1488	27016	27296	1208	1488	282	116	4e-53	215	80.50	227	80.50	227	53	2	2	1	1
Scer_chrI	230218	7436	1488	206804	206935	1099	968	132	105	5e-47	195	93.18	123	93.18	123	9	0	0	1	1
Scer_chrI	230218	7436	1488	12907	13036	968	1100	133	92	9e-40	171	90.23	120	90.23	120	10	1	3	1	1
Scer_chrI	230218	7436	1488	25072	25201	968	1100	133	89	4e-38	165	89.47	119	89.47	119	11	1	3	1	1
Scer_chrI	230218	7436	1488	206409	206511	1314	1212	103	82	3e-34	152	93.20	96	93.20	96	7	0	0	1	1
Scer_chrI	230218	7436	1488	206004	206104	1314	1214	101	74	9e-30	137	91.09	92	91.09	92	9	0	0	1	1
Scer_chrI	230218	7436	1488	205851	205971	1332	1212	121	58	7e-21	108	82.64	100	82.64	100	21	0	0	1	1
Scer_chrI	230218	7394	1375	181201	182575	1375	1	1375	1375	0.0	2540	100.00	1375	100.00	1375	0	0	0	1	1
Scer_chrI	230218	7366	1308	226806	228113	1	1308	1308	1308	0.0	2416	100.00	1308	100.00	1308	0	0	0	1	1
Scer_chrI	230218	7364	1299	142292	143590	1299	1	1299	1299	0.0	2399	100.00	1299	100.00	1299	0	0	0	1	1
Scer_chrI	230218	7350	1273	143576	144843	6	1273	1268	1268	0.0	2342	100.00	1268	100.00	1268	0	0	0	1	1
Scer_chrI	230218	7334	1228	126891	128118	1228	1	1228	1228	0.0	2268	100.00	1228	100.00	1228	0	0	0	1	1
Scer_chrI	230218	7332	1220	141117	142336	1	1220	1220	1217	0.0	2248	99.92	1219	99.92	1219	1	0	0	1	1
Scer_chrI	230218	7316	1173	6	1177	2	1173	1172	1172	0.0	2165	100.00	1172	100.00	1172	0	0	0	1	1
Scer_chrI	230218	7316	1173	229428	229725	783	486	312	70	2e-27	130	75.64	236	75.64	236	48	26	28	1	1
Scer_chrI	230218	7336	1232	229038	230214	1232	56	1180	1153	0.0	2130	99.32	1172	99.32	1172	2	6	6	1	1
Scer_chrI	230218	7336	1232	490	787	545	842	310	70	2e-27	130	75.48	234	75.48	234	52	21	24	1	1
Scer_chrI	230218	7264	1071	223713	224783	1	1071	1071	1071	0.0	1978	100.00	1071	100.00	1071	0	0	0	1	1
Scer_chrI	230218	7208	1004	140176	141179	1004	1	1004	995	0.0	1838	99.70	1001	99.70	1001	3	0	0	1	1
Scer_chrI	230218	7368	1314	226806	228104	1314	1	1326	838	0.0	1548	88.24	1170	88.24	1170	117	13	39	1	1
Scer_chrI	230218	7118	825	70074	70898	1	825	825	825	0.0	1524	100.00	825	100.00	825	0	0	0	1	1
Scer_chrI	230218	7108	813	20844	21656	1	813	813	813	0.0	1502	100.00	813	100.00	813	0	0	0	1	1
Scer_chrI	230218	7108	813	210669	211255	587	1	587	512	0.0	946	95.74	562	95.74	562	25	0	0	1	1
Scer_chrI	230218	7108	813	210351	210578	813	585	229	192	2e-95	355	94.76	217	94.76	217	11	1	1	1	1
Scer_chrI	230218	7098	798	210116	210913	1	798	798	795	0.0	1469	99.87	797	99.87	797	1	0	0	1	1
Scer_chrI	230218	7098	798	21428	21892	463	1	465	392	0.0	725	94.84	441	94.84	441	22	2	2	1	1
Scer_chrI	230218	7098	798	21186	21430	798	554	245	209	8e-105	387	95.10	233	95.10	233	12	0	0	1	1
Scer_chrI	230218	7096	798	42062	42859	1	798	798	792	0.0	1463	99.75	796	99.75	796	2	0	0	1	1
Scer_chrI	230218	7328	1213	2	1072	135	1213	1097	736	0.0	1360	89.70	984	89.70	984	69	32	44	1	1
Scer_chrI	230218	7328	1213	229417	229733	935	623	328	78	5e-32	145	75.91	249	75.91	249	53	21	26	1	1
Scer_chrI	230218	7032	702	22158	22859	702	1	702	699	0.0	1291	99.86	701	99.86	701	1	0	0	1	1
Scer_chrI	230218	7032	702	209141	209850	1	702	710	604	0.0	1116	95.21	676	95.21	676	26	1	8	1	1
Scer_chrI	230218	7302	1139	2	1088	34	1139	1112	685	0.0	1266	87.68	975	87.68	975	106	22	31	1	1
Scer_chrI	230218	7104	811	24096	24933	811	1	838	662	0.0	1223	93.56	784	93.56	784	27	11	27	1	1
Scer_chrI	230218	7104	811	11664	12480	811	1	838	562	0.0	1038	89.98	754	89.98	754	36	12	48	1	1
Scer_chrI	230218	7104	811	207077	207652	1	597	597	448	0.0	828	92.29	551	92.29	551	25	1	21	1	1
Scer_chrI	230218	7104	811	207677	207920	568	811	244	205	1e-102	379	94.67	231	94.67	231	13	0	0	1	1
Scer_chrI	230218	6990	656	70907	71543	20	656	637	637	0.0	1177	100.00	637	100.00	637	0	0	0	1	1
Scer_chrI	230218	6964	610	13108	13717	610	1	610	610	0.0	1127	100.00	610	100.00	610	0	0	0	1	1
Scer_chrI	230218	6964	610	218575	219204	1	604	630	344	7e-180	636	85.56	539	85.56	539	65	14	26	1	1
Scer_chrI	230218	6964	610	206559	206776	393	610	218	149	2e-71	276	89.45	195	89.45	195	23	0	0	1	1
Scer_chrI	230218	6964	610	25273	25488	610	392	219	136	3e-64	252	87.67	192	87.67	192	24	1	3	1	1
Scer_chrI	230218	6964	610	206019	206090	393	464	72	45	1e-13	84.2	87.50	63	87.50	63	9	0	0	1	1
Scer_chrI	230218	6954	595	22962	23556	1	595	595	592	0.0	1094	99.83	594	99.83	594	1	0	0	1	1
Scer_chrI	230218	6954	595	208448	209038	595	1	597	512	0.0	946	95.48	570	95.48	570	19	2	8	1	1
Scer_chrI	230218	6938	570	19373	19942	570	1	570	570	0.0	1053	100.00	570	100.00	570	0	0	0	1	1
Scer_chrI	230218	6938	570	212162	212739	1	570	579	505	0.0	933	96.03	556	96.03	556	13	2	10	1	1
Scer_chrI	230218	6946	571	223151	223721	571	1	571	568	0.0	1050	99.82	570	99.82	570	1	0	0	1	1
Scer_chrI	230218	6936	569	212171	212739	1	569	569	566	0.0	1046	99.82	568	99.82	568	1	0	0	1	1
Scer_chrI	230218	6936	569	19373	19933	569	1	570	496	0.0	917	95.96	547	95.96	547	13	2	10	1	1
Scer_chrI	230218	7508	1728	2	994	137	1133	1012	560	0.0	1035	85.67	867	85.67	867	111	25	34	1	1
Scer_chrI	230218	6914	549	209302	209850	1	549	549	549	0.0	1014	100.00	549	100.00	549	0	0	0	1	1
Scer_chrI	230218	6914	549	22158	22698	549	1	549	449	0.0	830	94.17	517	94.17	517	24	2	8	1	1
Scer_chrI	230218	6950	588	209302	209889	588	1	588	540	0.0	998	97.28	572	97.28	572	16	0	0	1	1
Scer_chrI	230218	6950	588	22119	22698	1	588	589	476	0.0	880	93.89	553	93.89	553	26	4	10	1	1
Scer_chrI	230218	6932	565	210351	210913	1	565	565	528	0.0	976	97.88	553	97.88	553	10	2	2	1	1
Scer_chrI	230218	6932	565	21186	21430	565	321	245	209	8e-105	387	95.10	233	95.10	233	12	0	0	1	1
Scer_chrI	230218	6932	565	21428	21656	229	1	229	205	1e-102	379	96.51	221	96.51	221	8	0	0	1	1
Scer_chrI	230218	7138	883	2	780	815	21	800	517	0.0	955	88.75	710	88.75	710	64	21	26	1	1
Scer_chrI	230218	6880	514	187701	188214	1	514	514	514	0.0	950	100.00	514	100.00	514	0	0	0	1	1
Scer_chrI	230218	6880	514	187004	187129	389	514	126	63	1e-23	117	83.33	105	83.33	105	21	0	0	1	1
Scer_chrI	230218	6878	513	15835	16347	1	513	513	513	0.0	948	100.00	513	100.00	513	0	0	0	1	1
Scer_chrI	230218	6878	513	215959	216451	513	1	518	371	0.0	686	91.51	474	91.51	474	14	11	30	1	1
Scer_chrI	230218	7196	985	225792	226776	1	985	985	508	0.0	939	83.86	826	83.86	826	159	0	0	1	1
Scer_chrI	230218	6868	508	139320	139827	508	1	508	508	0.0	939	100.00	508	100.00	508	0	0	0	1	1
Scer_chrI	230218	7550	1780	225792	226871	1	1081	1083	504	0.0	931	82.27	891	82.27	891	187	5	5	1	1
Scer_chrI	230218	6850	502	18314	18815	1	502	502	502	0.0	928	100.00	502	100.00	502	0	0	0	1	1
Scer_chrI	230218	6850	502	213299	213787	502	1	503	381	0.0	704	92.45	465	92.45	465	23	5	15	1	1
Scer_chrI	230218	6948	577	228315	228895	577	1	581	501	0.0	926	95.52	555	95.52	555	22	2	4	1	1
Scer_chrI	230218	7578	1872	221150	222122	1680	711	974	494	0.0	913	83.68	815	83.68	815	154	4	5	1	1
Scer_chrI	230218	7578	1872	222375	222767	563	171	394	186	5e-92	344	82.49	325	82.49	325	67	2	2	1	1
Scer_chrI	230218	7578	1872	222571	222767	259	63	198	80	4e-33	148	80.30	159	80.30	159	37	2	2	1	1
Scer_chrI	230218	6842	493	215959	216451	1	493	493	490	0.0	905	99.80	492	99.80	492	1	0	0	1	1
Scer_chrI	230218	6842	493	15835	16347	493	1	518	374	0.0	691	91.70	475	91.70	475	13	11	30	1	1
Scer_chrI	230218	6840	489	213299	213787	1	489	489	486	0.0	898	99.80	488	99.80	488	1	0	0	1	1
Scer_chrI	230218	6840	489	18314	18815	489	1	503	384	0.0	710	92.64	466	92.64	466	22	5	15	1	1
Scer_chrI	230218	6830	478	203840	204317	1	478	478	478	0.0	883	100.00	478	100.00	478	0	0	0	1	1
Scer_chrI	230218	6830	478	27054	27531	478	1	479	277	1e-142	512	86.01	412	86.01	412	65	2	2	1	1
Scer_chrI	230218	6830	478	218569	219030	1	462	467	198	1e-98	366	81.16	379	81.16	379	78	6	10	1	1
Scer_chrI	230218	6830	478	206124	206207	395	478	85	78	5e-32	145	97.65	83	97.65	83	0	2	2	1	1
Scer_chrI	230218	6830	478	206403	206467	404	468	65	59	2e-21	110	96.92	63	96.92	63	2	0	0	1	1
Scer_chrI	230218	6830	478	25704	25787	478	395	84	57	3e-20	106	89.29	75	89.29	75	9	0	0	1	1
Scer_chrI	230218	6830	478	205584	205667	395	478	84	57	3e-20	106	89.29	75	89.29	75	9	0	0	1	1
Scer_chrI	230218	6830	478	26109	26193	478	394	85	52	2e-17	97.1	87.06	74	87.06	74	11	0	0	1	1
Scer_chrI	230218	6830	478	205178	205262	394	478	85	52	2e-17	97.1	87.06	74	87.06	74	11	0	0	1	1
Scer_chrI	230218	6830	478	25974	26058	478	394	85	49	7e-16	91.6	85.88	73	85.88	73	12	0	0	1	1
Scer_chrI	230218	6830	478	205313	205397	394	478	85	49	7e-16	91.6	85.88	73	85.88	73	12	0	0	1	1
Scer_chrI	230218	6830	478	26244	26327	478	395	84	48	3e-15	89.8	85.71	72	85.71	72	12	0	0	1	1
Scer_chrI	230218	6830	478	205056	205127	407	478	72	45	1e-13	84.2	87.50	63	87.50	63	9	0	0	1	1
Scer_chrI	230218	7478	1608	2	808	1475	652	837	470	0.0	869	86.26	722	86.26	722	72	28	43	1	1
Scer_chrI	230218	6802	464	211598	212061	464	1	464	464	0.0	857	100.00	464	100.00	464	0	0	0	1	1
Scer_chrI	230218	6802	464	20040	20501	1	464	465	412	0.0	761	96.34	448	96.34	448	13	2	4	1	1
Scer_chrI	230218	6798	462	20040	20501	1	462	462	462	0.0	854	100.00	462	100.00	462	0	0	0	1	1
Scer_chrI	230218	6798	462	211598	212061	462	1	465	412	0.0	761	96.34	448	96.34	448	13	2	4	1	1
Scer_chrI	230218	7598	1931	104	853	66	822	766	450	0.0	832	86.81	665	86.81	665	76	12	25	1	1
Scer_chrI	230218	6836	481	27051	27531	481	1	481	445	0.0	822	97.51	469	97.51	469	12	0	0	1	1
Scer_chrI	230218	6836	481	203840	204320	1	481	482	244	3e-124	451	83.61	403	83.61	403	77	2	2	1	1
Scer_chrI	230218	6836	481	218569	219049	1	481	482	211	6e-106	390	81.33	392	81.33	392	88	2	2	1	1
Scer_chrI	230218	6836	481	25432	25518	480	394	87	69	5e-27	128	93.10	81	93.10	81	6	0	0	1	1
Scer_chrI	230218	6702	419	212724	213142	1	419	419	419	0.0	774	100.00	419	100.00	419	0	0	0	1	1
Scer_chrI	230218	6702	419	18972	19388	419	1	419	373	0.0	689	96.42	404	96.42	404	13	1	2	1	1
Scer_chrI	230218	6698	418	228604	229021	418	1	418	418	0.0	773	100.00	418	100.00	418	0	0	0	1	1
Scer_chrI	230218	6694	417	18972	19388	1	417	417	417	0.0	771	100.00	417	100.00	417	0	0	0	1	1
Scer_chrI	230218	6694	417	212724	213142	417	1	419	373	0.0	689	96.42	404	96.42	404	13	1	2	1	1
Scer_chrI	230218	9334	16148	31579	32804	6355	5130	1232	413	0.0	763	78.00	961	78.00	961	259	10	12	1	1
Scer_chrI	230218	6670	403	2153	2555	403	1	403	403	0.0	745	100.00	403	100.00	403	0	0	0	1	1
Scer_chrI	230218	6662	400	206699	207098	1	400	400	400	0.0	739	100.00	400	100.00	400	0	0	0	1	1
Scer_chrI	230218	6662	400	24912	25254	400	53	350	240	5e-122	444	90.00	315	90.00	315	26	5	9	1	1
Scer_chrI	230218	6662	400	12757	13089	390	53	340	230	2e-116	425	89.71	305	89.71	305	26	5	9	1	1
Scer_chrI	230218	6662	400	25209	25350	142	1	143	109	3e-49	202	92.31	132	92.31	132	9	2	2	1	1
Scer_chrI	230218	6662	400	219193	219324	106	237	132	108	1e-48	200	93.94	124	93.94	124	8	0	0	1	1
Scer_chrI	230218	6662	400	13044	13185	142	1	143	106	1e-47	196	91.61	131	91.61	131	10	2	2	1	1
Scer_chrI	230218	6662	400	12459	12550	400	309	92	80	4e-33	148	95.65	88	95.65	88	4	0	0	1	1
Scer_chrI	230218	6660	400	164800	165199	400	1	400	400	0.0	739	100.00	400	100.00	400	0	0	0	1	1
Scer_chrI	230218	7524	1743	221150	222127	313	1284	981	393	0.0	726	80.22	787	80.22	787	182	10	12	1	1
Scer_chrI	230218	7524	1743	222375	222697	1421	1743	324	152	4e-73	281	82.41	267	82.41	267	55	2	2	1	1
Scer_chrI	230218	6888	524	187701	188214	1	524	524	390	0.0	721	91.79	481	91.79	481	33	5	10	1	1
Scer_chrI	230218	6888	524	187004	187129	399	524	126	66	3e-25	122	84.13	106	84.13	106	20	0	0	1	1
Scer_chrI	230218	8370	5234	176787	177495	5234	4528	717	387	0.0	715	85.08	610	85.08	610	89	12	18	1	1
Scer_chrI	230218	8370	5234	1939	2240	5234	4918	318	141	5e-67	261	82.39	262	82.39	262	39	11	17	1	1
Scer_chrI	230218	8370	5234	139151	139254	3222	3119	104	101	9e-45	187	99.04	103	99.04	103	1	0	0	1	1
Scer_chrI	230218	6638	386	188761	189146	1	386	386	386	0.0	713	100.00	386	100.00	386	0	0	0	1	1
Scer_chrI	230218	6612	377	139765	140141	377	1	377	377	0.0	697	100.00	377	100.00	377	0	0	0	1	1
Scer_chrI	230218	6608	373	17970	18342	1	373	373	373	0.0	689	100.00	373	100.00	373	0	0	0	1	1
Scer_chrI	230218	6608	373	213759	214128	373	1	373	332	3e-173	614	96.51	360	96.51	360	10	1	3	1	1
Scer_chrI	230218	6980	633	86	625	550	1	558	371	0.0	686	89.61	500	89.61	500	32	16	26	1	1
Scer_chrI	230218	6834	481	625	1105	481	1	481	370	0.0	684	92.31	444	92.31	444	37	0	0	1	1
Scer_chrI	230218	8078	3774	228675	229305	5	631	632	368	0.0	680	86.23	545	86.23	545	81	6	6	1	1
Scer_chrI	230218	6640	386	188761	189146	386	1	386	368	0.0	680	98.45	380	98.45	380	6	0	0	1	1
Scer_chrI	230218	6600	370	213759	214128	370	1	370	364	0.0	673	99.46	368	99.46	368	2	0	0	1	1
Scer_chrI	230218	6600	370	17970	18342	1	370	373	338	2e-176	625	97.05	362	97.05	362	8	1	3	1	1
Scer_chrI	230218	6550	357	203462	203818	1	357	357	357	0.0	660	100.00	357	100.00	357	0	0	0	1	1
Scer_chrI	230218	6550	357	27553	27893	357	17	342	263	8e-135	486	92.40	316	92.40	316	24	2	2	1	1
Scer_chrI	230218	6552	357	188467	188823	357	1	357	354	0.0	654	99.72	356	99.72	356	1	0	0	1	1
Scer_chrI	230218	6942	571	228065	228635	571	1	571	352	0.0	651	87.22	498	87.22	498	73	0	0	1	1
Scer_chrI	230218	6496	341	208001	208341	341	1	341	341	3e-178	630	100.00	341	100.00	341	0	0	0	1	1
Scer_chrI	230218	6496	341	23663	24015	1	341	353	272	8e-140	503	92.92	328	92.92	328	13	3	12	1	1
Scer_chrI	230218	6494	341	24874	25214	1	341	341	341	3e-178	630	100.00	341	100.00	341	0	0	0	1	1
Scer_chrI	230218	6494	341	206790	207136	341	1	347	254	8e-130	470	91.35	317	91.35	317	24	4	6	1	1
Scer_chrI	230218	6494	341	12757	13049	49	341	293	251	4e-128	464	95.22	279	95.22	279	14	0	0	1	1
Scer_chrI	230218	6494	341	12421	12550	1	130	130	112	7e-51	207	95.38	124	95.38	124	6	0	0	1	1
Scer_chrI	230218	6494	341	219192	219324	328	199	133	92	9e-40	171	90.23	120	90.23	120	10	1	3	1	1
Scer_chrI	230218	6494	341	12661	12742	49	130	82	76	7e-31	141	97.56	80	97.56	80	2	0	0	1	1
Scer_chrI	230218	6494	341	12575	12646	59	130	72	69	5e-27	128	98.61	71	98.61	71	1	0	0	1	1
Scer_chrI	230218	6614	377	208338	208722	1	377	385	330	4e-172	610	95.58	368	95.58	368	9	2	8	1	1
Scer_chrI	230218	6614	377	23282	23666	377	1	385	321	4e-167	593	94.81	365	94.81	365	12	2	8	1	1
Scer_chrI	230218	6644	389	206717	207105	1	389	389	329	2e-171	608	94.86	369	94.86	369	20	0	0	1	1
Scer_chrI	230218	6644	389	24905	25254	389	35	356	256	6e-131	473	91.01	324	91.01	324	25	3	7	1	1
Scer_chrI	230218	6644	389	12757	13089	372	35	339	233	4e-118	431	89.97	305	89.97	305	27	3	7	1	1
Scer_chrI	230218	6644	389	219194	219324	89	219	131	104	2e-46	193	93.13	122	93.13	122	9	0	0	1	1
Scer_chrI	230218	6644	389	25209	25332	124	1	125	94	7e-41	174	92.00	115	92.00	115	8	2	2	1	1
Scer_chrI	230218	6644	389	13044	13167	124	1	125	94	7e-41	174	92.00	115	92.00	115	8	2	2	1	1
Scer_chrI	230218	6644	389	12452	12550	389	291	99	87	5e-37	161	95.96	95	95.96	95	4	0	0	1	1
Scer_chrI	230218	6644	389	12661	12742	372	291	82	58	7e-21	108	90.24	74	90.24	74	8	0	0	1	1
Scer_chrI	230218	6460	329	24338	24666	1	329	329	329	2e-171	608	100.00	329	100.00	329	0	0	0	1	1
Scer_chrI	230218	6460	329	11906	12234	1	329	329	302	2e-156	558	97.26	320	97.26	320	9	0	0	1	1
Scer_chrI	230218	6460	329	207323	207651	329	1	329	293	2e-151	542	96.35	317	96.35	317	12	0	0	1	1
Scer_chrI	230218	6450	327	208702	209028	1	327	327	327	2e-170	604	100.00	327	100.00	327	0	0	0	1	1
Scer_chrI	230218	6450	327	22972	23302	327	1	333	275	2e-141	508	94.59	315	94.59	315	10	2	8	1	1
Scer_chrI	230218	6436	322	12728	13049	322	1	322	322	1e-167	595	100.00	322	100.00	322	0	0	0	1	1
Scer_chrI	230218	6436	322	24922	25214	293	1	293	251	4e-128	464	95.22	279	95.22	279	14	0	0	1	1
Scer_chrI	230218	6436	322	206790	207088	1	293	299	209	8e-105	387	90.30	270	90.30	270	23	2	6	1	1
Scer_chrI	230218	6436	322	219192	219324	14	143	133	95	2e-41	176	90.98	121	90.98	121	9	1	3	1	1
Scer_chrI	230218	6436	322	12632	12742	322	212	111	93	2e-40	172	94.59	105	94.59	105	6	0	0	1	1
Scer_chrI	230218	6436	322	12584	12694	322	212	111	87	5e-37	161	92.79	103	92.79	103	8	0	0	1	1
Scer_chrI	230218	6436	322	12536	12646	322	212	111	81	1e-33	150	90.99	101	90.99	101	10	0	0	1	1
Scer_chrI	230218	6432	321	228315	228635	321	1	321	321	4e-167	593	100.00	321	100.00	321	0	0	0	1	1
Scer_chrI	230218	6416	316	207497	207812	316	1	316	316	3e-164	584	100.00	316	100.00	316	0	0	0	1	1
Scer_chrI	230218	6416	316	11873	12060	129	316	188	161	4e-78	298	95.21	179	95.21	179	9	0	0	1	1
Scer_chrI	230218	6416	316	24305	24490	129	314	186	156	2e-75	289	94.62	176	94.62	176	10	0	0	1	1
Scer_chrI	230218	6416	316	11772	11934	1	163	163	127	3e-59	235	92.64	151	92.64	151	12	0	0	1	1
Scer_chrI	230218	6416	316	24204	24366	1	163	163	127	3e-59	235	92.64	151	92.64	151	12	0	0	1	1
Scer_chrI	230218	6398	313	187451	187763	313	1	313	313	1e-162	579	100.00	313	100.00	313	0	0	0	1	1
Scer_chrI	230218	6400	313	228065	228377	1	313	313	307	3e-159	568	99.36	311	99.36	311	2	0	0	1	1
Scer_chrI	230218	7088	786	1	564	228	786	579	306	1e-158	566	85.32	494	85.32	494	50	20	35	1	1
Scer_chrI	230218	6736	437	1049	1482	437	1	440	306	1e-158	566	90.23	397	90.23	397	34	4	9	1	1
Scer_chrI	230218	6464	331	208702	209028	1	331	331	305	4e-158	564	97.58	323	97.58	323	4	2	4	1	1
Scer_chrI	230218	6464	331	22972	23302	331	1	334	283	6e-146	523	95.21	318	95.21	318	10	3	6	1	1
Scer_chrI	230218	6376	308	189084	189391	1	308	308	305	4e-158	564	99.68	307	99.68	307	1	0	0	1	1
Scer_chrI	230218	6352	304	182898	183201	1	304	304	304	1e-157	562	100.00	304	100.00	304	0	0	0	1	1
Scer_chrI	230218	6358	305	183151	183456	1	305	306	302	2e-156	558	99.67	305	99.67	305	0	1	1	1	1
Scer_chrI	230218	6358	305	165844	166151	305	3	311	176	2e-86	326	86.17	268	86.17	268	32	7	11	1	1
Scer_chrI	230218	6358	305	160256	160563	305	3	311	176	2e-86	326	86.17	268	86.17	268	32	7	11	1	1
Scer_chrI	230218	6930	559	64	535	67	559	494	299	8e-155	553	87.65	433	87.65	433	38	12	23	1	1
Scer_chrI	230218	6328	298	207065	207362	1	298	298	298	3e-154	551	100.00	298	100.00	298	0	0	0	1	1
Scer_chrI	230218	6328	298	12195	12492	298	1	298	232	1e-117	429	92.62	276	92.62	276	22	0	0	1	1
Scer_chrI	230218	6328	298	24627	24945	298	1	319	209	8e-105	387	89.66	286	89.66	286	12	5	21	1	1
Scer_chrI	230218	6320	297	1146	1442	1	297	297	297	1e-153	549	100.00	297	100.00	297	0	0	0	1	1
Scer_chrI	230218	6838	487	323	795	487	18	482	285	5e-147	527	87.14	420	87.14	420	41	13	21	1	1
Scer_chrI	230218	6374	307	208037	208341	307	1	307	282	2e-145	521	97.39	299	97.39	299	6	2	2	1	1
Scer_chrI	230218	6374	307	23663	23979	1	307	317	243	1e-123	449	92.74	294	92.74	294	13	2	10	1	1
Scer_chrI	230218	6216	275	21618	21892	275	1	275	275	2e-141	508	100.00	275	100.00	275	0	0	0	1	1
Scer_chrI	230218	6216	275	210116	210389	1	275	275	238	6e-121	440	95.64	263	95.64	263	11	1	1	1	1
Scer_chrI	230218	6214	275	176787	177061	275	1	275	275	2e-141	508	100.00	275	100.00	275	0	0	0	1	1
Scer_chrI	230218	6214	275	1939	2186	275	21	255	119	9e-55	220	82.75	211	82.75	211	37	5	7	1	1
Scer_chrI	230218	6212	275	208448	208722	1	275	275	275	2e-141	508	100.00	275	100.00	275	0	0	0	1	1
Scer_chrI	230218	6212	275	23282	23556	275	1	275	248	2e-126	459	96.73	266	96.73	266	9	0	0	1	1
Scer_chrI	230218	6204	272	69839	70110	272	1	272	272	8e-140	503	100.00	272	100.00	272	0	0	0	1	1
Scer_chrI	230218	6392	311	1146	1456	1	311	312	269	4e-138	497	95.51	298	95.51	298	12	2	2	1	1
Scer_chrI	230218	7156	917	287	765	1	485	496	266	2e-136	492	85.48	424	85.48	424	44	19	28	1	1
Scer_chrI	230218	7156	917	229059	229350	917	625	293	226	3e-114	418	92.49	271	92.49	271	21	1	1	1	1
Scer_chrI	230218	7156	917	229400	229685	532	249	293	81	1e-33	150	76.79	225	76.79	225	52	15	16	1	1
Scer_chrI	230218	6792	458	104	544	449	1	454	265	6e-136	490	86.78	394	86.78	394	42	11	18	1	1
Scer_chrI	230218	6490	339	1613	1948	4	339	337	264	2e-135	488	92.88	313	92.88	313	22	2	2	1	1
Scer_chrI	230218	6160	264	224832	225095	264	1	264	264	2e-135	488	100.00	264	100.00	264	0	0	0	1	1
Scer_chrI	230218	6158	263	164223	164485	1	263	263	263	8e-135	486	100.00	263	100.00	263	0	0	0	1	1
Scer_chrI	230218	7440	1493	182612	182968	70	431	362	260	4e-133	481	90.88	329	90.88	329	28	4	5	1	1
Scer_chrI	230218	7236	1021	570	994	1	424	425	259	1e-132	479	87.06	370	87.06	370	54	1	1	1	1
Scer_chrI	230218	6582	365	434	780	365	21	350	259	1e-132	479	91.71	321	91.71	321	21	3	8	1	1
Scer_chrI	230218	6582	365	229447	229716	34	301	281	71	4e-28	132	76.51	215	76.51	215	42	20	24	1	1
Scer_chrI	230218	6276	286	210104	210389	1	286	286	259	1e-132	479	96.85	277	96.85	277	9	0	0	1	1
Scer_chrI	230218	6276	286	21618	21904	286	1	287	253	3e-129	468	96.17	276	96.17	276	10	1	1	1	1
Scer_chrI	230218	6654	395	182620	182937	319	1	319	258	5e-132	477	93.73	299	93.73	299	19	1	1	1	1
Scer_chrI	230218	6692	415	2372	2782	1	413	415	256	6e-131	473	87.47	363	87.47	363	46	6	6	1	1
Scer_chrI	230218	6124	253	1420	1672	253	1	253	253	3e-129	468	100.00	253	100.00	253	0	0	0	1	1
Scer_chrI	230218	6528	350	2432	2787	350	1	356	251	4e-128	464	90.45	322	90.45	322	28	4	6	1	1
Scer_chrI	230218	8866	9157	176667	177061	8382	7985	400	249	5e-127	460	87.75	351	87.75	351	42	5	7	1	1
Scer_chrI	230218	8866	9157	183140	183480	5659	5320	342	247	6e-126	457	90.94	311	90.94	311	28	3	3	1	1
Scer_chrI	230218	8866	9157	139501	139827	8840	9157	327	226	3e-114	418	90.21	295	90.21	295	23	2	9	1	1
Scer_chrI	230218	8866	9157	165826	166163	5326	5658	340	191	8e-95	353	85.88	292	85.88	292	39	5	9	1	1
Scer_chrI	230218	8866	9157	160238	160574	5326	5657	339	190	3e-94	351	85.84	291	85.84	291	39	5	9	1	1
Scer_chrI	230218	8866	9157	1819	2186	8382	8005	378	187	1e-92	346	83.60	316	83.60	316	52	4	10	1	1
Scer_chrI	230218	8866	9157	139142	139254	5813	5926	114	101	9e-45	187	96.49	110	96.49	110	3	1	1	1	1
Scer_chrI	230218	6100	249	188281	188529	249	1	249	249	5e-127	460	100.00	249	100.00	249	0	0	0	1	1
Scer_chrI	230218	6190	270	1146	1415	1	270	270	246	2e-125	455	97.04	262	97.04	262	8	0	0	1	1
Scer_chrI	230218	6074	245	211416	211660	245	1	245	245	8e-125	453	100.00	245	100.00	245	0	0	0	1	1
Scer_chrI	230218	6074	245	20439	20683	1	245	245	242	4e-123	448	99.59	244	99.59	244	1	0	0	1	1
Scer_chrI	230218	6650	393	257	591	61	393	336	238	6e-121	440	90.48	304	90.48	304	28	4	4	1	1
Scer_chrI	230218	6650	393	229627	229685	389	331	59	44	4e-13	82.4	91.53	54	91.53	54	5	0	0	1	1
Scer_chrI	230218	6024	238	206501	206738	1	238	238	238	6e-121	440	100.00	238	100.00	238	0	0	0	1	1
Scer_chrI	230218	6024	238	25311	25545	238	1	238	158	2e-76	292	89.08	212	89.08	212	23	2	3	1	1
Scer_chrI	230218	6024	238	205826	205969	1	144	144	96	5e-42	178	88.89	128	88.89	128	16	0	0	1	1
Scer_chrI	230218	6024	238	205961	206106	1	146	146	77	2e-31	143	84.25	123	84.25	123	23	0	0	1	1
Scer_chrI	230218	6024	238	206366	206509	1	144	144	66	3e-25	122	81.94	118	81.94	118	26	0	0	1	1
Scer_chrI	230218	6024	238	25537	25680	144	1	144	60	6e-22	111	80.56	116	80.56	116	28	0	0	1	1
Scer_chrI	230218	6024	238	205691	205834	1	144	144	60	6e-22	111	80.56	116	80.56	116	28	0	0	1	1
Scer_chrI	230218	9024	10884	141117	141431	1	315	315	237	2e-120	438	91.75	289	91.75	289	26	0	0	1	1
Scer_chrI	230218	6128	253	205955	206207	1	253	254	235	3e-119	435	97.64	248	97.64	248	4	2	2	1	1
Scer_chrI	230218	6128	253	206225	206467	1	243	243	201	2e-100	372	94.24	229	94.24	229	14	0	0	1	1
Scer_chrI	230218	6128	253	205821	206059	2	240	239	182	8e-90	337	92.05	220	92.05	220	19	0	0	1	1
Scer_chrI	230218	6128	253	205685	205937	1	253	253	181	3e-89	335	90.51	229	90.51	229	24	0	0	1	1
Scer_chrI	230218	6128	253	206361	206612	2	253	252	171	1e-83	316	89.29	225	89.29	225	27	0	0	1	1
Scer_chrI	230218	6128	253	25444	25686	243	1	243	156	2e-75	289	88.07	214	88.07	214	29	0	0	1	1
Scer_chrI	230218	6128	253	206091	206332	2	243	243	152	4e-73	281	87.65	213	87.65	213	28	2	2	1	1
Scer_chrI	230218	6128	253	25579	25763	243	59	185	134	4e-63	248	90.81	168	90.81	168	17	0	0	1	1
Scer_chrI	230218	6128	253	205608	205792	59	243	185	134	4e-63	248	90.81	168	90.81	168	17	0	0	1	1
Scer_chrI	230218	6128	253	206496	206646	2	152	151	82	3e-34	152	84.77	128	84.77	128	23	0	0	1	1
Scer_chrI	230218	6128	253	218978	219078	50	150	101	74	9e-30	137	91.09	92	91.09	92	9	0	0	1	1
Scer_chrI	230218	6128	253	25974	26186	253	41	216	72	1e-28	134	78.24	169	78.24	169	41	4	6	1	1
Scer_chrI	230218	6128	253	205185	205397	41	253	216	72	1e-28	134	78.24	169	78.24	169	41	4	6	1	1
Scer_chrI	230218	6128	253	26109	26303	253	59	198	72	1e-28	134	79.29	157	79.29	157	35	4	6	1	1
Scer_chrI	230218	6128	253	25704	25898	253	59	198	72	1e-28	134	79.29	157	79.29	157	35	4	6	1	1
Scer_chrI	230218	6128	253	205068	205262	59	253	198	72	1e-28	134	79.29	157	79.29	157	35	4	6	1	1
Scer_chrI	230218	6128	253	27054	27128	253	179	75	72	1e-28	134	98.67	74	98.67	74	1	0	0	1	1
Scer_chrI	230218	6128	253	204243	204317	179	253	75	72	1e-28	134	98.67	74	98.67	74	1	0	0	1	1
Scer_chrI	230218	6128	253	205473	205667	59	253	198	69	5e-27	128	78.79	156	78.79	156	36	4	6	1	1
Scer_chrI	230218	6128	253	26244	26438	253	59	198	66	3e-25	122	78.28	155	78.28	155	37	4	6	1	1
Scer_chrI	230218	6128	253	204933	205127	59	253	198	63	1e-23	117	77.78	154	77.78	154	38	4	6	1	1
Scer_chrI	230218	6128	253	218978	219030	185	237	53	50	2e-16	93.5	98.11	52	98.11	52	1	0	0	1	1
Scer_chrI	230218	6128	253	13254	13325	136	65	72	45	1e-13	84.2	87.50	63	87.50	63	9	0	0	1	1
Scer_chrI	230218	5996	234	218575	218808	1	234	234	234	1e-118	433	100.00	234	100.00	234	0	0	0	1	1
Scer_chrI	230218	5996	234	13493	13717	225	1	225	141	5e-67	261	87.56	197	87.56	197	28	0	0	1	1
Scer_chrI	230218	5996	234	27292	27520	234	6	229	130	7e-61	241	85.59	196	85.59	196	33	0	0	1	1
Scer_chrI	230218	6014	236	126664	126895	1	232	232	232	1e-117	429	100.00	232	100.00	232	0	0	0	1	1
Scer_chrI	230218	7864	2890	183142	183474	238	570	336	231	5e-117	427	89.88	302	89.88	302	28	6	6	1	1
Scer_chrI	230218	7864	2890	160237	160575	571	237	343	193	6e-96	357	86.01	295	86.01	295	36	6	12	1	1
Scer_chrI	230218	7864	2890	165826	166162	570	238	341	191	8e-95	353	85.92	293	85.92	293	36	6	12	1	1
Scer_chrI	230218	6486	338	219	564	338	1	348	231	5e-117	427	89.37	311	89.37	311	25	7	12	1	1
Scer_chrI	230218	5960	231	23749	23979	1	231	231	231	5e-117	427	100.00	231	100.00	231	0	0	0	1	1
Scer_chrI	230218	5960	231	208037	208266	231	1	231	200	8e-100	370	95.67	221	95.67	221	9	1	1	1	1
Scer_chrI	230218	7020	690	227698	228104	284	690	407	230	2e-116	425	85.50	348	85.50	348	59	0	0	1	1
Scer_chrI	230218	5994	233	210908	211140	1	233	233	230	2e-116	425	99.57	232	99.57	232	1	0	0	1	1
Scer_chrI	230218	5994	233	20959	21191	233	1	233	209	8e-105	387	96.57	225	96.57	225	8	0	0	1	1
Scer_chrI	230218	6522	349	1724	2067	11	347	344	229	6e-116	424	89.24	307	89.24	307	30	5	7	1	1
Scer_chrI	230218	6522	349	176633	176917	63	349	287	178	1e-87	329	87.46	251	87.46	251	34	2	2	1	1
Scer_chrI	230218	5920	228	166101	166328	1	228	228	228	2e-115	422	100.00	228	100.00	228	0	0	0	1	1
Scer_chrI	230218	5920	228	160513	160574	1	62	62	62	4e-23	115	100.00	62	100.00	62	0	0	0	1	1
Scer_chrI	230218	6628	383	189329	189566	1	238	238	226	3e-114	418	98.32	234	98.32	234	4	0	0	1	1
Scer_chrI	230218	6628	383	166022	166163	238	97	142	106	1e-47	196	91.55	130	91.55	130	12	0	0	1	1
Scer_chrI	230218	6628	383	160434	160574	238	98	141	105	5e-47	195	91.49	129	91.49	129	12	0	0	1	1
Scer_chrI	230218	6628	383	182787	182849	383	321	63	63	1e-23	117	100.00	63	100.00	63	0	0	0	1	1
Scer_chrI	230218	6628	383	138853	138988	237	104	138	57	3e-20	106	81.16	112	81.16	112	20	6	6	1	1
Scer_chrI	230218	6628	383	189422	189487	235	300	66	57	3e-20	106	95.45	63	95.45	63	3	0	0	1	1
Scer_chrI	230218	6628	383	166101	166162	300	239	62	53	4e-18	99.0	95.16	59	95.16	59	3	0	0	1	1
Scer_chrI	230218	6628	383	160513	160574	300	239	62	53	4e-18	99.0	95.16	59	95.16	59	3	0	0	1	1
Scer_chrI	230218	6300	294	519	795	294	18	277	226	3e-114	418	93.86	260	93.86	260	17	0	0	1	1
Scer_chrI	230218	6300	294	229413	229683	14	282	280	78	5e-32	145	77.14	216	77.14	216	44	17	20	1	1
Scer_chrI	230218	5924	228	22797	23024	228	1	228	225	1e-113	416	99.56	227	99.56	227	1	0	0	1	1
Scer_chrI	230218	5924	228	208976	209203	1	228	228	225	1e-113	416	99.56	227	99.56	227	1	0	0	1	1
Scer_chrI	230218	9586	25278	176667	177024	23523	23163	362	224	4e-113	414	87.57	317	87.57	317	40	5	5	1	1
Scer_chrI	230218	9586	25278	183142	183202	25218	25278	61	61	2e-22	113	100.00	61	100.00	61	0	0	0	1	1
Scer_chrI	230218	7142	893	165861	166163	893	599	303	224	4e-113	414	91.75	278	91.75	278	17	4	8	1	1
Scer_chrI	230218	7142	893	160273	160574	893	600	302	223	1e-112	412	91.72	277	91.72	277	17	4	8	1	1
Scer_chrI	230218	7142	893	160248	160523	306	571	276	172	3e-84	318	88.04	243	88.04	243	23	6	10	1	1
Scer_chrI	230218	7142	893	165836	166111	306	571	276	172	3e-84	318	88.04	243	88.04	243	23	6	10	1	1
Scer_chrI	230218	7142	893	189424	189722	598	893	302	165	2e-80	305	85.43	258	85.43	258	35	7	9	1	1
Scer_chrI	230218	7014	686	140299	140978	686	1	690	224	4e-113	414	77.83	537	77.83	537	139	12	14	1	1
Scer_chrI	230218	5992	233	210908	211140	1	233	233	224	4e-113	414	98.71	230	98.71	230	3	0	0	1	1
Scer_chrI	230218	5992	233	20959	21191	233	1	233	215	4e-108	398	97.42	227	97.42	227	6	0	0	1	1
Scer_chrI	230218	5890	224	24710	24933	224	1	224	224	4e-113	414	100.00	224	100.00	224	0	0	0	1	1
Scer_chrI	230218	5890	224	12257	12480	224	1	224	218	8e-110	403	99.11	222	99.11	222	2	0	0	1	1
Scer_chrI	230218	5890	224	207077	207298	1	222	222	159	5e-77	294	90.54	201	90.54	201	21	0	0	1	1
Scer_chrI	230218	5878	222	15667	15888	1	222	222	222	5e-112	411	100.00	222	100.00	222	0	0	0	1	1
Scer_chrI	230218	5878	222	216398	216619	222	1	222	207	1e-103	383	97.75	217	97.75	217	5	0	0	1	1
Scer_chrI	230218	5876	222	216398	216619	222	1	222	222	5e-112	411	100.00	222	100.00	222	0	0	0	1	1
Scer_chrI	230218	5876	222	15667	15888	1	222	222	207	1e-103	383	97.75	217	97.75	217	5	0	0	1	1
Scer_chrI	230218	5874	222	209888	210109	222	1	222	222	5e-112	411	100.00	222	100.00	222	0	0	0	1	1
Scer_chrI	230218	5874	222	21899	22120	1	222	222	207	1e-103	383	97.75	217	97.75	217	5	0	0	1	1
Scer_chrI	230218	7218	1007	637	998	1007	646	362	221	2e-111	409	87.02	315	87.02	315	47	0	0	1	1
Scer_chrI	230218	5900	224	209141	209364	224	1	224	221	2e-111	409	99.55	223	99.55	223	1	0	0	1	1
Scer_chrI	230218	5900	224	22639	22859	4	224	221	203	2e-101	375	97.29	215	97.29	215	6	0	0	1	1
Scer_chrI	230218	6354	304	2372	2675	304	1	304	220	6e-111	407	90.79	276	90.79	276	28	0	0	1	1
Scer_chrI	230218	6598	368	219	604	1	368	387	218	8e-110	403	86.30	334	86.30	334	33	9	20	1	1
Scer_chrI	230218	6598	368	229610	229761	368	216	156	53	4e-18	99.0	78.85	123	78.85	123	26	6	7	1	1
Scer_chrI	230218	6030	238	164026	164264	238	1	239	217	3e-109	401	97.07	232	97.07	232	6	1	1	1	1
Scer_chrI	230218	5836	217	220229	220445	217	1	217	217	3e-109	401	100.00	217	100.00	217	0	0	0	1	1
Scer_chrI	230218	6260	282	27292	27573	282	1	282	216	1e-108	399	92.20	260	92.20	260	22	0	0	1	1
Scer_chrI	230218	6260	282	218527	218808	1	282	282	174	2e-85	322	87.23	246	87.23	246	36	0	0	1	1
Scer_chrI	230218	6260	282	203798	204070	1	273	274	135	1e-63	250	83.21	228	83.21	228	44	2	2	1	1
Scer_chrI	230218	6102	249	188281	188529	249	1	250	216	1e-108	399	95.60	239	95.60	239	9	2	2	1	1
Scer_chrI	230218	5870	222	209888	210109	222	1	222	216	1e-108	399	99.10	220	99.10	220	2	0	0	1	1
Scer_chrI	230218	5870	222	21899	22120	1	222	222	213	5e-107	394	98.65	219	98.65	219	3	0	0	1	1
Scer_chrI	230218	5826	216	163823	164038	216	1	216	216	1e-108	399	100.00	216	100.00	216	0	0	0	1	1
Scer_chrI	230218	6012	236	25288	25523	1	236	236	215	4e-108	398	97.03	229	97.03	229	7	0	0	1	1
Scer_chrI	230218	6012	236	206523	206761	236	1	239	180	1e-88	333	92.05	220	92.05	220	16	2	3	1	1
Scer_chrI	230218	6012	236	13123	13316	1	191	194	123	5e-57	228	88.14	171	88.14	171	20	1	3	1	1
Scer_chrI	230218	6012	236	205989	206106	230	113	118	88	2e-37	163	91.53	108	91.53	108	10	0	0	1	1
Scer_chrI	230218	6012	236	205848	205969	236	115	122	83	9e-35	154	89.34	109	89.34	109	13	0	0	1	1
Scer_chrI	230218	6012	236	205719	205834	230	115	116	80	4e-33	148	89.66	104	89.66	104	12	0	0	1	1
Scer_chrI	230218	6012	236	25537	25652	115	230	116	80	4e-33	148	89.66	104	89.66	104	12	0	0	1	1
Scer_chrI	230218	6012	236	206394	206509	230	115	116	77	2e-31	143	88.79	103	88.79	103	13	0	0	1	1
Scer_chrI	230218	6012	236	206259	206374	230	115	116	77	2e-31	143	88.79	103	88.79	103	13	0	0	1	1
Scer_chrI	230218	8742	7848	165827	166172	178	536	360	214	1e-107	396	87.22	314	87.22	314	31	8	15	1	1
Scer_chrI	230218	8742	7848	160239	160574	178	526	350	207	1e-103	383	87.14	305	87.14	305	30	8	15	1	1
Scer_chrI	230218	8742	7848	183122	183473	545	178	371	174	2e-85	322	83.29	309	83.29	309	40	6	22	1	1
Scer_chrI	230218	8742	7848	189425	189756	527	178	352	134	4e-63	248	80.40	283	80.40	283	47	15	22	1	1
Scer_chrI	230218	6150	260	2460	2717	1	260	260	214	1e-107	396	94.23	245	94.23	245	13	2	2	1	1
Scer_chrI	230218	6022	237	162904	163140	1	237	237	213	5e-107	394	96.62	229	96.62	229	8	0	0	1	1
Scer_chrI	230218	7850	2847	183142	183476	2340	2674	337	212	2e-106	392	87.83	296	87.83	296	37	3	4	1	1
Scer_chrI	230218	7850	2847	165826	166162	2672	2340	337	212	2e-106	392	87.83	296	87.83	296	37	3	4	1	1
Scer_chrI	230218	7850	2847	160238	160574	2672	2340	337	212	2e-106	392	87.83	296	87.83	296	37	3	4	1	1
Scer_chrI	230218	7850	2847	189422	189483	62	1	62	59	2e-21	110	98.39	61	98.39	61	1	0	0	1	1
Scer_chrI	230218	7850	2847	166105	166170	1	65	66	53	4e-18	99.0	93.94	62	93.94	62	3	1	1	1	1
Scer_chrI	230218	7850	2847	160517	160574	1	58	58	52	2e-17	97.1	96.55	56	96.55	56	2	0	0	1	1
Scer_chrI	230218	6454	328	828	1127	298	1	300	212	2e-106	392	90.33	271	90.33	271	27	2	2	1	1
Scer_chrI	230218	9238	14418	625	947	1	321	323	211	6e-106	390	88.54	286	88.54	286	35	2	2	1	1
Scer_chrI	230218	5834	217	220229	220445	217	1	217	211	6e-106	390	99.08	215	99.08	215	2	0	0	1	1
Scer_chrI	230218	6172	266	1246	1514	1	266	269	210	2e-105	388	92.94	250	92.94	250	16	2	3	1	1
Scer_chrI	230218	5770	210	211269	211478	1	210	210	210	2e-105	388	100.00	210	100.00	210	0	0	0	1	1
Scer_chrI	230218	5770	210	20621	20830	210	1	210	195	5e-97	361	97.62	205	97.62	205	5	0	0	1	1
Scer_chrI	230218	5768	210	20621	20830	210	1	210	210	2e-105	388	100.00	210	100.00	210	0	0	0	1	1
Scer_chrI	230218	5768	210	211269	211478	1	210	210	195	5e-97	361	97.62	205	97.62	205	5	0	0	1	1
Scer_chrI	230218	9522	22283	123518	124230	8842	8130	716	209	8e-105	387	76.54	548	76.54	548	162	6	6	1	1
Scer_chrI	230218	5760	209	12045	12253	1	209	209	209	8e-105	387	100.00	209	100.00	209	0	0	0	1	1
Scer_chrI	230218	5760	209	207304	207512	209	1	209	197	4e-98	364	98.09	205	98.09	205	4	0	0	1	1
Scer_chrI	230218	5760	209	24477	24685	1	209	209	191	8e-95	353	97.13	203	97.13	203	6	0	0	1	1
Scer_chrI	230218	5746	208	183482	183689	1	208	208	208	3e-104	385	100.00	208	100.00	208	0	0	0	1	1
Scer_chrI	230218	5732	207	165423	165629	207	1	207	207	1e-103	383	100.00	207	100.00	207	0	0	0	1	1
Scer_chrI	230218	9102	11812	182622	182954	11400	11730	334	203	2e-101	375	87.13	291	87.13	291	39	3	4	1	1
Scer_chrI	230218	9102	11812	182544	182604	11812	11752	61	61	2e-22	113	100.00	61	100.00	61	0	0	0	1	1
Scer_chrI	230218	6772	453	525	795	453	183	271	202	6e-101	374	91.51	248	91.51	248	23	0	0	1	1
Scer_chrI	230218	6772	453	941	1123	183	1	183	135	1e-63	250	91.26	167	91.26	167	16	0	0	1	1
Scer_chrI	230218	6772	453	229406	229686	172	450	289	85	7e-36	158	77.51	224	77.51	224	47	16	18	1	1
Scer_chrI	230218	5698	202	13810	14011	202	1	202	202	6e-101	374	100.00	202	100.00	202	0	0	0	1	1
Scer_chrI	230218	5698	202	218282	218483	1	202	202	202	6e-101	374	100.00	202	100.00	202	0	0	0	1	1
Scer_chrI	230218	5742	207	212026	212233	207	1	208	201	2e-100	372	99.04	206	99.04	206	1	1	1	1	1
Scer_chrI	230218	5742	207	19871	20075	1	207	207	188	4e-93	348	97.10	201	97.10	201	4	1	2	1	1
Scer_chrI	230218	8706	7521	229059	229339	7521	7240	282	200	8e-100	370	90.43	255	90.43	255	26	1	1	1	1
Scer_chrI	230218	5668	199	206219	206417	199	1	199	199	3e-99	368	100.00	199	100.00	199	0	0	0	1	1
Scer_chrI	230218	5668	199	205949	206147	199	1	199	148	7e-71	274	91.46	182	91.46	182	17	0	0	1	1
Scer_chrI	230218	5668	199	205679	205877	199	1	199	145	3e-69	268	90.95	181	90.95	181	18	0	0	1	1
Scer_chrI	230218	5668	199	206355	206552	198	1	198	141	5e-67	261	90.40	179	90.40	179	19	0	0	1	1
Scer_chrI	230218	5668	199	25527	25692	34	199	166	130	7e-61	241	92.77	154	92.77	154	12	0	0	1	1
Scer_chrI	230218	5668	199	205815	206012	198	1	198	129	2e-60	239	88.38	175	88.38	175	23	0	0	1	1
Scer_chrI	230218	5668	199	206085	206281	198	2	198	122	2e-56	226	87.37	173	87.37	173	23	2	2	1	1
Scer_chrI	230218	5668	199	205596	205742	147	1	147	84	3e-35	156	85.71	126	85.71	126	21	0	0	1	1
Scer_chrI	230218	5668	199	25629	25775	1	147	147	84	3e-35	156	85.71	126	85.71	126	21	0	0	1	1
Scer_chrI	230218	5668	199	25402	25556	44	198	155	83	9e-35	154	84.52	131	84.52	131	24	0	0	1	1
Scer_chrI	230218	7126	841	183142	183475	576	244	335	198	1e-98	366	86.57	290	86.57	290	42	3	3	1	1
Scer_chrI	230218	7126	841	160238	160575	245	577	339	185	2e-91	342	85.25	289	85.25	289	43	3	7	1	1
Scer_chrI	230218	7126	841	165826	166162	245	576	338	184	6e-91	340	85.21	288	85.21	288	43	3	7	1	1
Scer_chrI	230218	7126	841	189422	189745	579	257	332	89	4e-38	165	76.51	254	76.51	254	61	11	17	1	1
Scer_chrI	230218	7126	841	181131	181167	37	1	37	34	2e-07	63.9	97.30	36	97.30	36	1	0	0	1	1
Scer_chrI	230218	5652	198	189329	189526	198	1	198	198	1e-98	366	100.00	198	100.00	198	0	0	0	1	1
Scer_chrI	230218	5652	198	166062	166163	1	102	102	93	2e-40	172	97.06	99	97.06	99	3	0	0	1	1
Scer_chrI	230218	5652	198	160474	160574	1	101	101	92	9e-40	171	97.03	98	97.03	98	3	0	0	1	1
Scer_chrI	230218	6570	362	165429	165790	362	1	364	197	4e-98	364	84.89	309	84.89	309	51	4	4	1	1
Scer_chrI	230218	6566	362	165429	165790	1	362	366	197	4e-98	364	84.97	311	84.97	311	47	4	8	1	1
Scer_chrI	230218	5972	232	228861	229095	232	1	235	197	4e-98	364	94.89	223	94.89	223	9	2	3	1	1
Scer_chrI	230218	5650	197	24204	24400	197	1	197	197	4e-98	364	100.00	197	100.00	197	0	0	0	1	1
Scer_chrI	230218	5650	197	11772	11968	197	1	197	197	4e-98	364	100.00	197	100.00	197	0	0	0	1	1
Scer_chrI	230218	5650	197	207650	207812	35	197	163	127	3e-59	235	92.64	151	92.64	151	12	0	0	1	1
Scer_chrI	230218	5650	197	207589	207684	1	96	96	75	3e-30	139	92.71	89	92.71	89	7	0	0	1	1
Scer_chrI	230218	5762	209	182736	182943	1	209	209	196	1e-97	363	98.09	205	98.09	205	3	1	1	1	1
Scer_chrI	230218	6308	295	2156	2446	295	2	294	193	6e-96	357	88.78	261	88.78	261	30	3	3	1	1
Scer_chrI	230218	5598	193	205637	205829	193	1	193	193	6e-96	357	100.00	193	100.00	193	0	0	0	1	1
Scer_chrI	230218	5598	193	25542	25734	1	193	193	193	6e-96	357	100.00	193	100.00	193	0	0	0	1	1
Scer_chrI	230218	5598	193	206180	206369	190	1	190	154	3e-74	285	93.68	178	93.68	178	12	0	0	1	1
Scer_chrI	230218	5598	193	206312	206504	193	1	193	151	1e-72	279	92.75	179	92.75	179	14	0	0	1	1
Scer_chrI	230218	5598	193	205907	206099	193	1	193	145	3e-69	268	91.71	177	91.71	177	16	0	0	1	1
Scer_chrI	230218	5598	193	206067	206234	168	1	169	114	5e-52	211	89.35	151	89.35	151	16	2	2	1	1
Scer_chrI	230218	5598	193	205772	205964	193	1	193	106	1e-47	196	84.97	164	84.97	164	29	0	0	1	1
Scer_chrI	230218	5598	193	204287	204478	193	2	193	90	1e-38	167	82.38	159	82.38	159	32	2	2	1	1
Scer_chrI	230218	5598	193	26893	27084	2	193	193	90	1e-38	167	82.38	159	82.38	159	32	2	2	1	1
Scer_chrI	230218	5598	193	206447	206639	193	1	193	88	2e-37	163	81.87	158	81.87	158	35	0	0	1	1
Scer_chrI	230218	5588	192	188152	188343	1	192	192	192	2e-95	355	100.00	192	100.00	192	0	0	0	1	1
Scer_chrI	230218	5588	192	187068	187153	2	87	86	68	2e-26	126	93.02	80	93.02	80	6	0	0	1	1
Scer_chrI	230218	6696	417	218804	219063	417	158	260	191	8e-95	353	91.15	237	91.15	237	23	0	0	1	1
Scer_chrI	230218	6696	417	204078	204484	414	8	408	185	2e-91	342	81.86	334	81.86	334	72	2	2	1	1
Scer_chrI	230218	6696	417	26887	27296	8	417	411	179	4e-88	331	81.27	334	81.27	334	75	2	2	1	1
Scer_chrI	230218	6696	417	25400	25649	6	255	255	136	3e-64	252	85.10	217	85.10	217	28	7	10	1	1
Scer_chrI	230218	6696	417	205584	205840	258	2	259	131	2e-61	243	83.78	217	83.78	217	38	4	4	1	1
Scer_chrI	230218	6696	417	25531	25787	2	258	259	131	2e-61	243	83.78	217	83.78	217	38	4	4	1	1
Scer_chrI	230218	6696	417	206124	206380	258	2	261	116	4e-53	215	81.99	214	81.99	214	39	7	8	1	1
Scer_chrI	230218	6182	269	25311	25579	1	269	269	191	8e-95	353	90.33	243	90.33	243	26	0	0	1	1
Scer_chrI	230218	6182	269	206467	206738	269	1	272	156	2e-75	289	86.03	234	86.03	234	35	2	3	1	1
Scer_chrI	230218	6182	269	206332	206509	269	92	178	112	7e-51	207	87.64	156	87.64	156	22	0	0	1	1
Scer_chrI	230218	6182	269	206202	206374	264	92	173	107	4e-48	198	87.28	151	87.28	151	22	0	0	1	1
Scer_chrI	230218	5656	198	19880	20075	1	198	198	191	8e-95	353	98.99	196	98.99	196	0	1	2	1	1
Scer_chrI	230218	5656	198	212026	212224	198	1	199	189	1e-93	350	98.49	196	98.49	196	2	1	1	1	1
Scer_chrI	230218	6896	534	187001	187513	19	534	525	190	3e-94	351	79.43	417	79.43	417	87	18	21	1	1
Scer_chrI	230218	6896	534	183731	183889	1	159	159	123	5e-57	228	92.45	147	92.45	147	12	0	0	1	1
Scer_chrI	230218	6896	534	188107	188601	40	534	505	120	2e-55	222	75.25	380	75.25	380	105	16	20	1	1
Scer_chrI	230218	5558	190	207323	207512	190	1	190	190	3e-94	351	100.00	190	100.00	190	0	0	0	1	1
Scer_chrI	230218	5558	190	12045	12234	1	190	190	178	1e-87	329	97.89	186	97.89	186	4	0	0	1	1
Scer_chrI	230218	5558	190	24477	24666	1	190	190	172	3e-84	318	96.84	184	96.84	184	6	0	0	1	1
Scer_chrI	230218	8564	6454	183188	183475	72	358	289	188	4e-93	348	88.58	256	88.58	256	30	3	3	1	1
Scer_chrI	230218	8564	6454	165826	166111	357	77	287	157	7e-76	291	85.37	245	85.37	245	35	3	7	1	1
Scer_chrI	230218	8564	6454	160238	160523	357	77	287	157	7e-76	291	85.37	245	85.37	245	35	3	7	1	1
Scer_chrI	230218	8060	3713	225420	225815	3316	3709	397	188	4e-93	348	82.62	328	82.62	328	65	3	4	1	1
Scer_chrI	230218	5648	197	162950	163146	197	1	197	188	4e-93	348	98.48	194	98.48	194	3	0	0	1	1
Scer_chrI	230218	5516	187	161821	162007	1	187	187	187	1e-92	346	100.00	187	100.00	187	0	0	0	1	1
Scer_chrI	230218	6046	242	1497	1738	242	1	243	185	2e-91	342	92.18	224	92.18	224	17	2	2	1	1
Scer_chrI	230218	6968	614	183227	183474	1	247	249	184	6e-91	340	91.57	228	91.57	228	18	3	3	1	1
Scer_chrI	230218	6968	614	160235	160485	250	6	251	176	2e-86	326	90.44	227	90.44	227	18	2	6	1	1
Scer_chrI	230218	6968	614	165826	166073	247	6	248	173	8e-85	320	90.32	224	90.32	224	18	2	6	1	1
Scer_chrI	230218	6968	614	189540	189757	31	247	223	100	3e-44	185	82.51	184	82.51	184	28	7	11	1	1
Scer_chrI	230218	8352	5118	182620	182926	4698	5015	318	183	2e-90	339	86.48	275	86.48	275	32	8	11	1	1
Scer_chrI	230218	8830	8744	183199	183467	8317	8585	271	182	8e-90	337	89.30	242	89.30	242	25	4	4	1	1
Scer_chrI	230218	8830	8744	165828	166118	8590	8303	294	172	3e-84	318	86.73	255	86.73	255	30	5	9	1	1
Scer_chrI	230218	8830	8744	160240	160530	8590	8303	294	172	3e-84	318	86.73	255	86.73	255	30	5	9	1	1
Scer_chrI	230218	5846	219	497	717	219	1	221	181	3e-89	335	94.12	208	94.12	208	11	1	2	1	1
Scer_chrI	230218	5446	181	25152	25332	181	1	181	181	3e-89	335	100.00	181	100.00	181	0	0	0	1	1
Scer_chrI	230218	5446	181	12987	13167	181	1	181	181	3e-89	335	100.00	181	100.00	181	0	0	0	1	1
Scer_chrI	230218	5446	181	206717	206840	1	124	125	94	7e-41	174	92.00	115	92.00	115	8	2	2	1	1
Scer_chrI	230218	9550	23807	2252	2637	23807	23420	391	180	1e-88	333	82.35	322	82.35	322	61	8	8	1	1
Scer_chrI	230218	7470	1582	228235	228657	1160	1582	425	180	1e-88	333	80.94	344	80.94	344	77	4	4	1	1
Scer_chrI	230218	5670	199	1700	1895	1	199	199	179	4e-88	331	96.98	193	96.98	193	3	1	3	1	1
Scer_chrI	230218	5670	199	176653	176743	109	199	91	70	2e-27	130	92.31	84	92.31	84	7	0	0	1	1
Scer_chrI	230218	5434	179	163241	163419	179	1	179	179	4e-88	331	100.00	179	100.00	179	0	0	0	1	1
Scer_chrI	230218	5430	178	211078	211255	178	1	178	178	1e-87	329	100.00	178	100.00	178	0	0	0	1	1
Scer_chrI	230218	5430	178	20844	21021	1	178	178	166	7e-81	307	97.75	174	97.75	174	4	0	0	1	1
Scer_chrI	230218	9672	33734	183142	183462	333	659	328	177	5e-87	327	85.06	279	85.06	279	41	3	8	1	1
Scer_chrI	230218	9672	33734	189426	189758	333	672	350	90	1e-38	167	76.57	268	76.57	268	55	20	27	1	1
Scer_chrI	230218	6796	461	1	418	62	460	425	177	5e-87	327	81.88	348	81.88	348	44	21	33	1	1
Scer_chrI	230218	5422	177	162970	163146	1	177	177	177	5e-87	327	100.00	177	100.00	177	0	0	0	1	1
Scer_chrI	230218	5410	176	162227	162402	176	1	176	176	2e-86	326	100.00	176	100.00	176	0	0	0	1	1
Scer_chrI	230218	5408	176	164566	164741	176	1	176	176	2e-86	326	100.00	176	100.00	176	0	0	0	1	1
Scer_chrI	230218	9644	30539	182613	182968	68	428	369	175	7e-86	324	83.47	308	83.47	308	40	15	21	1	1
Scer_chrI	230218	9482	21105	165826	166048	219	3	223	175	7e-86	324	93.27	208	93.27	208	9	2	6	1	1
Scer_chrI	230218	9482	21105	160238	160460	219	3	223	175	7e-86	324	93.27	208	93.27	208	9	2	6	1	1
Scer_chrI	230218	9482	21105	183255	183475	1	220	221	163	3e-79	302	91.40	202	91.40	202	18	1	1	1	1
Scer_chrI	230218	5780	211	183482	183688	1	210	210	175	7e-86	324	94.76	199	94.76	199	8	3	3	1	1
Scer_chrI	230218	5616	193	163627	163819	193	1	193	175	7e-86	324	96.89	187	96.89	187	6	0	0	1	1
Scer_chrI	230218	5404	175	189476	189650	175	1	175	175	7e-86	324	100.00	175	100.00	175	0	0	0	1	1
Scer_chrI	230218	5404	175	160350	160524	4	175	175	98	4e-43	182	85.71	150	85.71	150	22	3	3	1	1
Scer_chrI	230218	5404	175	165938	166112	4	175	175	98	4e-43	182	85.71	150	85.71	150	22	3	3	1	1
Scer_chrI	230218	5394	174	224721	224894	1	174	174	174	2e-85	322	100.00	174	100.00	174	0	0	0	1	1
Scer_chrI	230218	5654	198	182622	182818	198	1	198	173	8e-85	320	95.96	190	95.96	190	7	1	1	1	1
Scer_chrI	230218	5646	197	162765	162961	197	1	197	173	8e-85	320	95.94	189	95.94	189	8	0	0	1	1
Scer_chrI	230218	5382	173	208338	208510	173	1	173	173	8e-85	320	100.00	173	100.00	173	0	0	0	1	1
Scer_chrI	230218	5382	173	23494	23666	1	173	173	158	2e-76	292	97.11	168	97.11	168	5	0	0	1	1
Scer_chrI	230218	6086	246	1446	1691	246	1	247	171	1e-83	316	89.88	222	89.88	222	23	2	2	1	1
Scer_chrI	230218	5368	171	162745	162915	1	171	171	171	1e-83	316	100.00	171	100.00	171	0	0	0	1	1
Scer_chrI	230218	6210	274	2133	2403	1	274	277	170	4e-83	315	87.73	243	87.73	243	25	8	9	1	1
Scer_chrI	230218	6210	274	176989	177040	3	56	54	41	2e-11	76.8	92.59	50	92.59	50	2	1	2	1	1
Scer_chrI	230218	9648	30733	165826	166186	20269	20618	363	169	1e-82	313	82.92	301	82.92	301	47	10	15	1	1
Scer_chrI	230218	9648	30733	160123	160574	20154	20594	454	167	2e-81	309	79.52	361	79.52	361	78	10	15	1	1
Scer_chrI	230218	8582	6534	183264	183475	6534	6324	212	169	1e-82	313	93.40	198	93.40	198	13	1	1	1	1
Scer_chrI	230218	8582	6534	165822	166036	6320	6529	216	158	2e-76	292	91.67	198	91.67	198	11	3	7	1	1
Scer_chrI	230218	8582	6534	160238	160448	6325	6529	211	157	7e-76	291	91.94	194	91.94	194	11	2	6	1	1
Scer_chrI	230218	8582	6534	189553	189757	6528	6325	210	90	1e-38	167	81.90	172	81.90	172	27	9	11	1	1
Scer_chrI	230218	5636	195	1246	1442	195	1	197	169	1e-82	313	95.43	188	95.43	188	7	2	2	1	1
Scer_chrI	230218	5934	229	161405	161626	222	1	222	168	5e-82	311	91.89	204	91.89	204	18	0	0	1	1
Scer_chrI	230218	5302	167	183627	183793	1	167	167	167	2e-81	309	100.00	167	100.00	167	0	0	0	1	1
Scer_chrI	230218	5614	193	1963	2155	193	1	193	166	7e-81	307	95.34	184	95.34	184	9	0	0	1	1
Scer_chrI	230218	5292	166	204368	204533	166	1	166	166	7e-81	307	100.00	166	100.00	166	0	0	0	1	1
Scer_chrI	230218	5292	166	26838	27003	1	166	166	166	7e-81	307	100.00	166	100.00	166	0	0	0	1	1
Scer_chrI	230218	5292	166	204503	204668	166	1	166	130	7e-61	241	92.77	154	92.77	154	12	0	0	1	1
Scer_chrI	230218	5292	166	26703	26868	1	166	166	130	7e-61	241	92.77	154	92.77	154	12	0	0	1	1
Scer_chrI	230218	5292	166	204774	204938	165	1	165	120	2e-55	222	90.91	150	90.91	150	15	0	0	1	1
Scer_chrI	230218	5292	166	204639	204803	165	1	165	120	2e-55	222	90.91	150	90.91	150	15	0	0	1	1
Scer_chrI	230218	5292	166	26433	26597	1	165	165	120	2e-55	222	90.91	150	90.91	150	15	0	0	1	1
Scer_chrI	230218	5292	166	26568	26732	1	165	165	120	2e-55	222	90.91	150	90.91	150	15	0	0	1	1
Scer_chrI	230218	5292	166	205178	205343	166	1	166	118	3e-54	219	90.36	150	90.36	150	16	0	0	1	1
Scer_chrI	230218	5292	166	26028	26193	1	166	166	118	3e-54	219	90.36	150	90.36	150	16	0	0	1	1
Scer_chrI	230218	5292	166	26163	26327	1	165	165	117	1e-53	217	90.30	149	90.30	149	16	0	0	1	1
Scer_chrI	230218	5292	166	205044	205208	165	1	165	114	5e-52	211	89.70	148	89.70	148	17	0	0	1	1
Scer_chrI	230218	5292	166	205313	205478	166	1	166	106	1e-47	196	87.95	146	87.95	146	20	0	0	1	1
Scer_chrI	230218	5292	166	25893	26058	1	166	166	106	1e-47	196	87.95	146	87.95	146	20	0	0	1	1
Scer_chrI	230218	5292	166	26298	26462	1	165	165	102	2e-45	189	87.27	144	87.27	144	21	0	0	1	1
Scer_chrI	230218	5292	166	204909	205073	165	1	165	99	1e-43	183	86.67	143	86.67	143	22	0	0	1	1
Scer_chrI	230218	5292	166	25758	25922	1	165	165	99	1e-43	183	86.67	143	86.67	143	22	0	0	1	1
Scer_chrI	230218	5292	166	205449	205613	165	1	165	96	5e-42	178	86.06	142	86.06	142	23	0	0	1	1
Scer_chrI	230218	5292	166	204233	204398	166	1	166	85	7e-36	158	83.73	139	83.73	139	27	0	0	1	1
Scer_chrI	230218	5292	166	26973	27138	1	166	166	85	7e-36	158	83.73	139	83.73	139	27	0	0	1	1
Scer_chrI	230218	8910	9603	182621	182921	1357	1047	312	165	2e-80	305	84.94	265	84.94	265	35	6	12	1	1
Scer_chrI	230218	8910	9603	189425	189487	63	1	63	60	6e-22	111	98.41	62	98.41	62	1	0	0	1	1
Scer_chrI	230218	8910	9603	166101	166163	1	63	63	57	3e-20	106	96.83	61	96.83	61	2	0	0	1	1
Scer_chrI	230218	8910	9603	160513	160574	1	62	62	56	9e-20	104	96.77	60	96.77	60	2	0	0	1	1
Scer_chrI	230218	5864	221	228675	228895	217	1	221	165	2e-80	305	91.86	203	91.86	203	14	2	4	1	1
Scer_chrI	230218	5784	211	1903	2112	211	2	210	165	2e-80	305	92.86	195	92.86	195	15	0	0	1	1
Scer_chrI	230218	5286	165	1679	1843	1	165	165	165	2e-80	305	100.00	165	100.00	165	0	0	0	1	1
Scer_chrI	230218	5286	165	176653	176691	127	165	39	30	3e-05	56.5	92.31	36	92.31	36	3	0	0	1	1
Scer_chrI	230218	5518	187	183248	183436	187	1	189	164	8e-80	303	95.77	181	95.77	181	6	2	2	1	1
Scer_chrI	230218	5518	187	160276	160465	1	183	190	135	1e-63	250	91.05	173	91.05	173	10	3	7	1	1
Scer_chrI	230218	5518	187	165864	166053	1	183	190	135	1e-63	250	91.05	173	91.05	173	10	3	7	1	1
Scer_chrI	230218	5280	164	13709	13872	1	164	164	164	8e-80	303	100.00	164	100.00	164	0	0	0	1	1
Scer_chrI	230218	5280	164	218421	218583	164	1	164	157	7e-76	291	98.78	162	98.78	162	1	1	1	1	1
Scer_chrI	230218	9282	15104	165825	166141	451	759	318	163	3e-79	302	84.28	268	84.28	268	40	5	10	1	1
Scer_chrI	230218	9282	15104	160238	160553	452	759	317	162	1e-78	300	84.23	267	84.23	267	40	5	10	1	1
Scer_chrI	230218	9282	15104	183178	183462	745	464	285	136	3e-64	252	82.81	236	82.81	236	46	3	3	1	1
Scer_chrI	230218	5336	169	165505	165673	169	1	169	163	3e-79	302	98.82	167	98.82	167	2	0	0	1	1
Scer_chrI	230218	5270	163	218421	218583	163	1	163	163	3e-79	302	100.00	163	100.00	163	0	0	0	1	1
Scer_chrI	230218	5270	163	13709	13872	1	163	164	157	7e-76	291	98.78	162	98.78	162	1	1	1	1	1
Scer_chrI	230218	7926	3190	165826	166030	198	1	205	162	1e-78	300	93.66	192	93.66	192	6	3	7	1	1
Scer_chrI	230218	7926	3190	160238	160442	198	1	205	162	1e-78	300	93.66	192	93.66	192	6	3	7	1	1
Scer_chrI	230218	7926	3190	183275	183475	1	199	201	158	2e-76	292	93.03	187	93.03	187	12	2	2	1	1
Scer_chrI	230218	7926	3190	189558	189757	1	198	205	91	3e-39	169	82.44	169	82.44	169	24	8	12	1	1
Scer_chrI	230218	5510	187	182713	182898	1	187	187	162	1e-78	300	95.72	179	95.72	179	7	1	1	1	1
Scer_chrI	230218	5392	174	224721	224894	1	174	174	162	1e-78	300	97.70	170	97.70	170	4	0	0	1	1
Scer_chrI	230218	6470	331	161618	161946	331	3	331	161	4e-78	298	83.08	275	83.08	275	52	4	4	1	1
Scer_chrI	230218	5622	194	161586	161779	194	1	194	161	4e-78	298	94.33	183	94.33	183	11	0	0	1	1
Scer_chrI	230218	5236	161	213141	213301	1	161	161	161	4e-78	298	100.00	161	100.00	161	0	0	0	1	1
Scer_chrI	230218	5236	161	18813	18973	161	1	161	149	2e-71	276	97.52	157	97.52	157	4	0	0	1	1
Scer_chrI	230218	5234	161	18813	18973	161	1	161	161	4e-78	298	100.00	161	100.00	161	0	0	0	1	1
Scer_chrI	230218	5234	161	213141	213301	1	161	161	149	2e-71	276	97.52	157	97.52	157	4	0	0	1	1
Scer_chrI	230218	6956	597	160238	160439	402	597	202	160	1e-77	296	93.56	189	93.56	189	7	2	6	1	1
Scer_chrI	230218	6956	597	165826	166027	402	597	202	160	1e-77	296	93.56	189	93.56	189	7	2	6	1	1
Scer_chrI	230218	6956	597	183278	183479	597	397	202	147	2e-70	272	91.09	184	91.09	184	17	1	1	1	1
Scer_chrI	230218	6322	297	283	581	1	297	304	160	1e-77	296	84.87	258	84.87	258	34	6	12	1	1
Scer_chrI	230218	6322	297	229633	229725	297	207	94	44	4e-13	82.4	82.98	78	82.98	78	12	4	4	1	1
Scer_chrI	230218	6264	283	655	937	1	283	285	160	1e-77	296	85.61	244	85.61	244	37	4	4	1	1
Scer_chrI	230218	5374	172	162757	162928	172	1	172	160	1e-77	296	97.67	168	97.67	168	4	0	0	1	1
Scer_chrI	230218	5232	160	140079	140238	1	160	160	160	1e-77	296	100.00	160	100.00	160	0	0	0	1	1
Scer_chrI	230218	5190	158	165328	165485	1	158	158	158	2e-76	292	100.00	158	100.00	158	0	0	0	1	1
Scer_chrI	230218	5180	157	205826	205982	157	1	157	157	7e-76	291	100.00	157	100.00	157	0	0	0	1	1
Scer_chrI	230218	5180	157	205961	206117	157	1	157	115	1e-52	213	91.08	143	91.08	143	14	0	0	1	1
Scer_chrI	230218	5180	157	206096	206252	157	1	158	103	7e-46	191	88.61	140	88.61	140	16	2	2	1	1
Scer_chrI	230218	5180	157	206366	206519	157	4	154	100	3e-44	185	88.31	136	88.31	136	18	0	0	1	1
Scer_chrI	230218	5180	157	206501	206644	157	14	144	96	5e-42	178	88.89	128	88.89	128	16	0	0	1	1
Scer_chrI	230218	5180	157	204230	204349	133	14	120	93	2e-40	172	92.50	111	92.50	111	9	0	0	1	1
Scer_chrI	230218	5180	157	27022	27138	14	130	117	90	1e-38	167	92.31	108	92.31	108	9	0	0	1	1
Scer_chrI	230218	5180	157	205691	205844	157	4	154	88	2e-37	163	85.71	132	85.71	132	22	0	0	1	1
Scer_chrI	230218	5180	157	25527	25680	4	157	154	88	2e-37	163	85.71	132	85.71	132	22	0	0	1	1
Scer_chrI	230218	5180	157	25402	25545	14	157	144	87	5e-37	161	86.81	125	86.81	125	19	0	0	1	1
Scer_chrI	230218	5180	157	205608	205712	105	1	105	84	3e-35	156	93.33	98	93.33	98	7	0	0	1	1
Scer_chrI	230218	5180	157	25659	25763	1	105	105	84	3e-35	156	93.33	98	93.33	98	7	0	0	1	1
Scer_chrI	230218	5180	157	218960	219080	132	12	121	58	7e-21	108	82.64	100	82.64	100	21	0	0	1	1
Scer_chrI	230218	5166	156	163084	163239	156	1	156	156	2e-75	289	100.00	156	100.00	156	0	0	0	1	1
Scer_chrI	230218	5164	156	23953	24108	156	1	156	156	2e-75	289	100.00	156	100.00	156	0	0	0	1	1
Scer_chrI	230218	5164	156	207908	208063	1	156	156	156	2e-75	289	100.00	156	100.00	156	0	0	0	1	1
Scer_chrI	230218	5158	155	11906	12060	1	155	155	155	9e-75	287	100.00	155	100.00	155	0	0	0	1	1
Scer_chrI	230218	5158	155	24338	24490	1	153	153	144	1e-68	267	98.04	150	98.04	150	3	0	0	1	1
Scer_chrI	230218	5158	155	207497	207651	155	1	155	140	2e-66	259	96.77	150	96.77	150	5	0	0	1	1
Scer_chrI	230218	5330	169	161638	161806	1	169	169	154	3e-74	285	97.04	164	97.04	164	5	0	0	1	1
Scer_chrI	230218	6700	419	160231	160413	184	1	184	153	1e-73	283	94.57	174	94.57	174	9	1	1	1	1
Scer_chrI	230218	6700	419	165825	166001	177	1	177	153	1e-73	283	95.48	169	95.48	169	8	0	0	1	1
Scer_chrI	230218	6700	419	183298	183474	1	176	177	119	9e-55	220	89.27	158	89.27	158	18	1	1	1	1
Scer_chrI	230218	5144	153	164465	164617	153	1	153	153	1e-73	283	100.00	153	100.00	153	0	0	0	1	1
Scer_chrI	230218	7544	1770	182683	182959	134	419	288	152	4e-73	281	85.07	245	85.07	245	30	5	13	1	1
Scer_chrI	230218	7544	1770	160245	160574	1240	1560	334	142	1e-67	263	81.74	273	81.74	273	44	10	17	1	1
Scer_chrI	230218	7544	1770	165833	166162	1240	1560	334	142	1e-67	263	81.74	273	81.74	273	44	10	17	1	1
Scer_chrI	230218	5272	164	182789	182953	164	1	165	152	4e-73	281	97.58	161	97.58	161	3	1	1	1	1
Scer_chrI	230218	7228	1015	160243	160575	220	543	336	151	1e-72	279	82.44	277	82.44	277	44	10	15	1	1
Scer_chrI	230218	7228	1015	165831	166162	220	542	335	150	5e-72	278	82.39	276	82.39	276	44	10	15	1	1
Scer_chrI	230218	5222	160	1822	1981	160	1	160	151	1e-72	279	98.12	157	98.12	157	3	0	0	1	1
Scer_chrI	230218	5222	160	176670	176829	160	1	160	103	7e-46	191	88.12	141	88.12	141	19	0	0	1	1
Scer_chrI	230218	5606	193	1507	1695	189	1	190	150	5e-72	278	93.16	177	93.16	177	11	2	2	1	1
Scer_chrI	230218	5110	150	162485	162634	1	150	150	150	5e-72	278	100.00	150	100.00	150	0	0	0	1	1
Scer_chrI	230218	6828	474	183145	183408	309	60	264	149	2e-71	276	86.36	228	86.36	228	22	7	14	1	1
Scer_chrI	230218	6828	474	189426	189484	59	1	59	56	9e-20	104	98.31	58	98.31	58	1	0	0	1	1
Scer_chrI	230218	6828	474	160516	160576	1	61	61	55	3e-19	102	96.72	59	96.72	59	2	0	0	1	1
Scer_chrI	230218	6828	474	166104	166162	1	59	59	53	4e-18	99.0	96.61	57	96.61	57	2	0	0	1	1
Scer_chrI	230218	6146	260	165835	166028	188	1	194	149	2e-71	276	92.78	180	92.78	180	8	2	6	1	1
Scer_chrI	230218	6146	260	160247	160440	188	1	194	149	2e-71	276	92.78	180	92.78	180	8	2	6	1	1
Scer_chrI	230218	6146	260	183277	183462	1	185	186	137	9e-65	254	91.40	170	91.40	170	15	1	1	1	1
Scer_chrI	230218	5274	164	183272	183436	164	1	165	149	2e-71	276	96.97	160	96.97	160	4	1	1	1	1
Scer_chrI	230218	5274	164	160276	160445	1	164	170	131	2e-61	243	92.94	158	92.94	158	6	2	6	1	1
Scer_chrI	230218	5274	164	165864	166033	1	164	170	131	2e-61	243	92.94	158	92.94	158	6	2	6	1	1
Scer_chrI	230218	5184	158	164097	164254	158	1	158	149	2e-71	276	98.10	155	98.10	155	3	0	0	1	1
Scer_chrI	230218	5078	148	182668	182815	1	148	148	148	7e-71	274	100.00	148	100.00	148	0	0	0	1	1
Scer_chrI	230218	5202	158	228861	229021	158	1	161	147	2e-70	272	97.52	157	97.52	157	1	2	3	1	1
Scer_chrI	230218	8134	4033	165838	166001	164	1	164	146	9e-70	270	96.34	158	96.34	158	6	0	0	1	1
Scer_chrI	230218	8134	4033	160250	160413	164	1	164	146	9e-70	270	96.34	158	96.34	158	6	0	0	1	1
Scer_chrI	230218	8134	4033	183298	183469	1	171	172	120	2e-55	222	90.12	155	90.12	155	16	1	1	1	1
Scer_chrI	230218	8134	4033	189588	189752	2	171	170	71	4e-28	132	81.18	138	81.18	138	27	4	5	1	1
Scer_chrI	230218	5980	233	161080	161312	233	1	233	146	9e-70	270	87.55	204	87.55	204	29	0	0	1	1
Scer_chrI	230218	5664	199	162550	162740	9	199	191	146	9e-70	270	92.15	176	92.15	176	15	0	0	1	1
Scer_chrI	230218	5188	158	162115	162272	1	158	158	146	9e-70	270	97.47	154	97.47	154	4	0	0	1	1
Scer_chrI	230218	9304	15358	160245	160531	232	510	291	145	3e-69	268	84.19	245	84.19	245	30	10	16	1	1
Scer_chrI	230218	9304	15358	165833	166119	232	510	291	145	3e-69	268	84.19	245	84.19	245	30	10	16	1	1
Scer_chrI	230218	5608	193	525	717	193	1	193	145	3e-69	268	91.71	177	91.71	177	16	0	0	1	1
Scer_chrI	230218	5608	193	229595	229686	99	190	92	59	2e-21	110	88.04	81	88.04	81	11	0	0	1	1
Scer_chrI	230218	5340	169	2372	2541	1	169	170	145	3e-69	268	95.29	162	95.29	162	7	1	1	1	1
Scer_chrI	230218	7248	1045	160238	160571	344	681	343	144	1e-68	267	81.34	279	81.34	279	50	11	14	1	1
Scer_chrI	230218	7248	1045	165826	166159	344	681	343	144	1e-68	267	81.34	279	81.34	279	50	11	14	1	1
Scer_chrI	230218	5600	193	1432	1623	1	193	193	144	1e-68	267	91.71	177	91.71	177	15	1	1	1	1
Scer_chrI	230218	5018	144	162404	162547	1	144	144	144	1e-68	267	100.00	144	100.00	144	0	0	0	1	1
Scer_chrI	230218	5182	158	182644	182800	158	1	158	142	1e-67	263	96.84	153	96.84	153	4	1	1	1	1
Scer_chrI	230218	5000	142	206363	206504	142	1	142	142	1e-67	263	100.00	142	100.00	142	0	0	0	1	1
Scer_chrI	230218	5000	142	205688	205829	142	1	142	130	7e-61	241	97.18	138	97.18	138	4	0	0	1	1
Scer_chrI	230218	5000	142	25542	25683	1	142	142	130	7e-61	241	97.18	138	97.18	138	4	0	0	1	1
Scer_chrI	230218	5000	142	205958	206099	142	1	142	118	3e-54	219	94.37	134	94.37	134	8	0	0	1	1
Scer_chrI	230218	5000	142	206228	206369	142	1	142	106	1e-47	196	91.55	130	91.55	130	12	0	0	1	1
Scer_chrI	230218	5000	142	206093	206234	142	1	143	100	3e-44	185	90.21	129	90.21	129	12	2	2	1	1
Scer_chrI	230218	5000	142	205823	205964	142	1	142	88	2e-37	163	87.32	124	87.32	124	18	0	0	1	1
Scer_chrI	230218	5000	142	204243	204344	102	1	102	78	5e-32	145	92.16	94	92.16	94	8	0	0	1	1
Scer_chrI	230218	5000	142	27027	27128	1	102	102	78	5e-32	145	92.16	94	92.16	94	8	0	0	1	1
Scer_chrI	230218	5000	142	218978	219064	96	10	87	78	5e-32	145	96.55	84	96.55	84	3	0	0	1	1
Scer_chrI	230218	5000	142	206498	206639	142	1	142	64	3e-24	119	81.69	116	81.69	116	26	0	0	1	1
Scer_chrI	230218	5416	177	161288	161464	177	1	177	141	5e-67	261	93.22	165	93.22	165	12	0	0	1	1
Scer_chrI	230218	5388	174	1808	1981	174	1	174	141	5e-67	261	93.68	163	93.68	163	11	0	0	1	1
Scer_chrI	230218	5064	147	163673	163819	1	147	147	141	5e-67	261	98.64	145	98.64	145	2	0	0	1	1
Scer_chrI	230218	4982	141	183404	183544	141	1	141	141	5e-67	261	100.00	141	100.00	141	0	0	0	1	1
Scer_chrI	230218	4982	141	160238	160308	71	141	71	62	4e-23	115	95.77	68	95.77	68	3	0	0	1	1
Scer_chrI	230218	4982	141	165826	165896	71	141	71	62	4e-23	115	95.77	68	95.77	68	3	0	0	1	1
Scer_chrI	230218	4982	141	189691	189757	138	71	68	55	3e-19	102	94.12	64	94.12	64	3	1	1	1	1
Scer_chrI	230218	4978	141	207830	207970	1	141	141	141	5e-67	261	100.00	141	100.00	141	0	0	0	1	1
Scer_chrI	230218	4978	141	24046	24186	141	1	141	135	1e-63	250	98.58	139	98.58	139	2	0	0	1	1
Scer_chrI	230218	4978	141	11632	11754	123	1	123	78	5e-32	145	87.80	108	87.80	108	15	0	0	1	1
Scer_chrI	230218	4970	141	204287	204427	141	1	141	141	5e-67	261	100.00	141	100.00	141	0	0	0	1	1
Scer_chrI	230218	4970	141	26944	27084	1	141	141	141	5e-67	261	100.00	141	100.00	141	0	0	0	1	1
Scer_chrI	230218	4970	141	204422	204562	141	1	141	90	1e-38	167	87.94	124	87.94	124	17	0	0	1	1
Scer_chrI	230218	4970	141	26809	26949	1	141	141	90	1e-38	167	87.94	124	87.94	124	17	0	0	1	1
Scer_chrI	230218	4970	141	205097	205234	141	4	138	87	5e-37	161	87.68	121	87.68	121	17	0	0	1	1
Scer_chrI	230218	4970	141	26137	26274	4	141	138	87	5e-37	161	87.68	121	87.68	121	17	0	0	1	1
Scer_chrI	230218	4970	141	204692	204832	141	1	141	81	1e-33	150	85.82	121	85.82	121	20	0	0	1	1
Scer_chrI	230218	4970	141	204557	204697	141	1	141	81	1e-33	150	85.82	121	85.82	121	20	0	0	1	1
Scer_chrI	230218	4970	141	26539	26679	1	141	141	81	1e-33	150	85.82	121	85.82	121	20	0	0	1	1
Scer_chrI	230218	4970	141	26674	26814	1	141	141	81	1e-33	150	85.82	121	85.82	121	20	0	0	1	1
Scer_chrI	230218	4970	141	205637	205774	141	4	139	69	5e-27	128	83.45	116	83.45	116	21	2	2	1	1
Scer_chrI	230218	4970	141	25597	25734	4	141	139	69	5e-27	128	83.45	116	83.45	116	21	2	2	1	1
Scer_chrI	230218	4970	141	205907	206044	141	4	139	63	1e-23	117	82.01	114	82.01	114	23	2	2	1	1
Scer_chrI	230218	4970	141	206180	206299	138	19	121	63	1e-23	117	84.30	102	84.30	102	17	2	2	1	1
Scer_chrI	230218	8006	3539	451	653	1	198	204	140	2e-66	259	90.20	184	90.20	184	13	4	7	1	1
Scer_chrI	230218	8006	3539	229597	229758	162	2	166	59	2e-21	110	79.52	132	79.52	132	25	7	9	1	1
Scer_chrI	230218	6000	235	2156	2387	235	1	236	140	2e-66	259	86.86	205	86.86	205	26	4	5	1	1
Scer_chrI	230218	4958	140	182543	182682	1	140	140	140	2e-66	259	100.00	140	100.00	140	0	0	0	1	1
Scer_chrI	230218	6334	299	2151	2445	299	4	299	139	7e-66	257	82.61	247	82.61	247	45	7	7	1	1
Scer_chrI	230218	6334	299	177005	177103	299	210	100	34	2e-07	63.9	80.00	80	80.00	80	9	8	11	1	1
Scer_chrI	230218	5118	151	182668	182818	1	151	151	139	7e-66	257	97.35	147	97.35	147	4	0	0	1	1
Scer_chrI	230218	5046	145	165423	165567	145	1	145	139	7e-66	257	98.62	143	98.62	143	2	0	0	1	1
Scer_chrI	230218	4940	139	20768	20906	139	1	139	139	7e-66	257	100.00	139	100.00	139	0	0	0	1	1
Scer_chrI	230218	4940	139	211193	211331	1	139	139	139	7e-66	257	100.00	139	100.00	139	0	0	0	1	1
Scer_chrI	230218	6484	337	183142	183319	161	337	178	138	2e-65	255	92.70	165	92.70	165	12	1	1	1	1
Scer_chrI	230218	5944	230	160588	160809	230	9	222	138	2e-65	255	87.39	194	87.39	194	28	0	0	1	1
Scer_chrI	230218	4914	137	24636	24772	1	137	137	137	9e-65	254	100.00	137	100.00	137	0	0	0	1	1
Scer_chrI	230218	4914	137	207231	207353	123	1	123	114	5e-52	211	97.56	120	97.56	120	3	0	0	1	1
Scer_chrI	230218	4914	137	12204	12320	1	117	117	84	3e-35	156	90.60	106	90.60	106	11	0	0	1	1
Scer_chrI	230218	4902	137	228959	229095	137	1	137	137	9e-65	254	100.00	137	100.00	137	0	0	0	1	1
Scer_chrI	230218	6062	244	162361	162604	244	1	245	136	3e-64	252	85.31	209	85.31	209	34	2	2	1	1
Scer_chrI	230218	5230	160	140079	140238	1	160	160	136	3e-64	252	95.00	152	95.00	152	8	0	0	1	1
Scer_chrI	230218	5220	160	189543	189702	1	160	160	136	3e-64	252	95.00	152	95.00	152	8	0	0	1	1
Scer_chrI	230218	5220	160	165882	166045	160	1	164	90	1e-38	167	85.37	140	85.37	140	20	4	4	1	1
Scer_chrI	230218	5220	160	160294	160457	160	1	164	90	1e-38	167	85.37	140	85.37	140	20	4	4	1	1
Scer_chrI	230218	4874	136	1855	1990	136	1	136	136	3e-64	252	100.00	136	100.00	136	0	0	0	1	1
Scer_chrI	230218	4874	136	176704	176838	135	1	135	87	5e-37	161	88.15	119	88.15	119	16	0	0	1	1
Scer_chrI	230218	6318	296	2156	2445	1	293	294	135	1e-63	250	82.31	242	82.31	242	47	4	5	1	1
Scer_chrI	230218	5730	206	2578	2782	206	3	205	135	1e-63	250	88.78	182	88.78	182	22	1	1	1	1
Scer_chrI	230218	4860	134	12459	12592	134	1	134	134	4e-63	248	100.00	134	100.00	134	0	0	0	1	1
Scer_chrI	230218	4860	134	12661	12784	124	1	124	91	3e-39	169	91.13	113	91.13	113	11	0	0	1	1
Scer_chrI	230218	4860	134	12575	12688	114	1	114	90	1e-38	167	92.98	106	92.98	106	8	0	0	1	1
Scer_chrI	230218	4860	134	207007	207098	43	134	92	80	4e-33	148	95.65	88	95.65	88	4	0	0	1	1
Scer_chrI	230218	5582	192	223003	223134	132	1	132	132	5e-62	244	100.00	132	100.00	132	0	0	0	1	1
Scer_chrI	230218	5582	192	183142	183201	133	192	60	60	6e-22	111	100.00	60	100.00	60	0	0	0	1	1
Scer_chrI	230218	5084	148	162026	162172	147	1	147	132	5e-62	244	96.60	142	96.60	142	5	0	0	1	1
Scer_chrI	230218	5104	150	162026	162174	149	1	149	131	2e-61	243	95.97	143	95.97	143	6	0	0	1	1
Scer_chrI	230218	6822	472	160237	160447	268	472	211	130	7e-61	241	87.68	185	87.68	185	20	2	6	1	1
Scer_chrI	230218	6822	472	165826	166035	269	472	210	129	2e-60	239	87.62	184	87.62	184	20	2	6	1	1
Scer_chrI	230218	6822	472	183271	183474	471	269	205	116	4e-53	215	85.85	176	85.85	176	26	3	3	1	1
Scer_chrI	230218	5148	154	162853	163006	1	154	154	130	7e-61	241	94.81	146	94.81	146	8	0	0	1	1
Scer_chrI	230218	5120	151	161512	161662	151	1	151	130	7e-61	241	95.36	144	95.36	144	7	0	0	1	1
Scer_chrI	230218	5068	147	1700	1843	1	147	147	130	7e-61	241	96.60	142	96.60	142	2	1	3	1	1
Scer_chrI	230218	5068	147	176653	176691	109	147	39	30	3e-05	56.5	92.31	36	92.31	36	3	0	0	1	1
Scer_chrI	230218	7936	3247	160237	160530	3097	2816	296	129	2e-60	239	82.09	243	82.09	243	37	13	16	1	1
Scer_chrI	230218	7936	3247	165826	166118	3096	2816	295	128	9e-60	237	82.03	242	82.03	242	37	13	16	1	1
Scer_chrI	230218	6988	643	160431	160574	1	144	144	129	2e-60	239	96.53	139	96.53	139	5	0	0	1	1
Scer_chrI	230218	6988	643	166019	166162	1	144	144	129	2e-60	239	96.53	139	96.53	139	5	0	0	1	1
Scer_chrI	230218	6988	643	189426	189569	144	1	144	105	5e-47	195	90.97	131	90.97	131	13	0	0	1	1
Scer_chrI	230218	4980	141	162011	162151	141	1	141	129	2e-60	239	97.16	137	97.16	137	4	0	0	1	1
Scer_chrI	230218	5348	170	183253	183422	1	170	171	128	9e-60	237	91.81	157	91.81	157	12	2	2	1	1
Scer_chrI	230218	5348	170	165878	166052	170	1	176	121	7e-56	224	90.34	159	90.34	159	10	3	7	1	1
Scer_chrI	230218	5348	170	160290	160464	170	1	176	121	7e-56	224	90.34	159	90.34	159	10	3	7	1	1
Scer_chrI	230218	4770	128	176722	176849	128	1	128	128	9e-60	237	100.00	128	100.00	128	0	0	0	1	1
Scer_chrI	230218	5402	175	1807	1957	151	1	151	127	3e-59	235	94.70	143	94.70	143	8	0	0	1	1
Scer_chrI	230218	5006	142	162987	163128	1	142	142	127	3e-59	235	96.48	137	96.48	137	5	0	0	1	1
Scer_chrI	230218	4628	127	163177	163303	1	127	127	127	3e-59	235	100.00	127	100.00	127	0	0	0	1	1
Scer_chrI	230218	4566	127	161065	161191	127	1	127	127	3e-59	235	100.00	127	100.00	127	0	0	0	1	1
Scer_chrI	230218	4552	127	164736	164862	127	1	127	127	3e-59	235	100.00	127	100.00	127	0	0	0	1	1
Scer_chrI	230218	4490	127	1966	2092	127	1	127	127	3e-59	235	100.00	127	100.00	127	0	0	0	1	1
Scer_chrI	230218	4450	127	164159	164285	1	127	127	127	3e-59	235	100.00	127	100.00	127	0	0	0	1	1
Scer_chrI	230218	4398	127	165137	165263	127	1	127	127	3e-59	235	100.00	127	100.00	127	0	0	0	1	1
Scer_chrI	230218	9290	15200	181124	181263	10612	10471	142	126	1e-58	233	96.48	137	96.48	137	3	2	2	1	1
Scer_chrI	230218	5238	161	1909	2067	1	159	159	126	1e-58	233	93.08	148	93.08	148	11	0	0	1	1
Scer_chrI	230218	4916	138	161932	162069	138	1	138	126	1e-58	233	97.10	134	97.10	134	4	0	0	1	1
Scer_chrI	230218	5092	149	940	1088	1	149	149	125	4e-58	231	94.63	141	94.63	141	8	0	0	1	1
Scer_chrI	230218	5010	143	165857	165999	143	1	143	125	4e-58	231	95.80	137	95.80	137	6	0	0	1	1
Scer_chrI	230218	5010	143	160269	160411	143	1	143	125	4e-58	231	95.80	137	95.80	137	6	0	0	1	1
Scer_chrI	230218	5010	143	183300	183443	1	143	144	113	2e-51	209	93.06	134	93.06	134	9	1	1	1	1
Scer_chrI	230218	4956	140	165672	165811	1	140	140	125	4e-58	231	96.43	135	96.43	135	5	0	0	1	1
Scer_chrI	230218	4272	125	163976	164100	1	125	125	125	4e-58	231	100.00	125	100.00	125	0	0	0	1	1
Scer_chrI	230218	4248	125	162572	162696	125	1	125	125	4e-58	231	100.00	125	100.00	125	0	0	0	1	1
Scer_chrI	230218	4242	125	164097	164221	125	1	125	125	4e-58	231	100.00	125	100.00	125	0	0	0	1	1
Scer_chrI	230218	5354	170	1507	1673	166	1	168	124	1e-57	230	91.67	154	91.67	154	11	3	3	1	1
Scer_chrI	230218	4998	142	161506	161647	142	1	142	124	1e-57	230	95.77	136	95.77	136	6	0	0	1	1
Scer_chrI	230218	4736	127	163759	163885	127	1	127	124	1e-57	230	99.21	126	99.21	126	1	0	0	1	1
Scer_chrI	230218	4730	127	160638	160764	1	127	127	124	1e-57	230	99.21	126	99.21	126	1	0	0	1	1
Scer_chrI	230218	4696	127	163609	163735	127	1	127	124	1e-57	230	99.21	126	99.21	126	1	0	0	1	1
Scer_chrI	230218	4688	127	161660	161786	127	1	127	124	1e-57	230	99.21	126	99.21	126	1	0	0	1	1
Scer_chrI	230218	4674	127	163177	163303	1	127	127	124	1e-57	230	99.21	126	99.21	126	1	0	0	1	1
Scer_chrI	230218	4672	127	160294	160420	1	127	127	124	1e-57	230	99.21	126	99.21	126	1	0	0	1	1
Scer_chrI	230218	4672	127	165882	166008	1	127	127	124	1e-57	230	99.21	126	99.21	126	1	0	0	1	1
Scer_chrI	230218	4672	127	183298	183418	120	1	121	87	5e-37	161	90.91	110	90.91	110	10	1	1	1	1
Scer_chrI	230218	4658	127	163422	163548	127	1	127	124	1e-57	230	99.21	126	99.21	126	1	0	0	1	1
Scer_chrI	230218	4574	127	160610	160736	127	1	127	124	1e-57	230	99.21	126	99.21	126	1	0	0	1	1
Scer_chrI	230218	4572	127	160612	160738	127	1	127	124	1e-57	230	99.21	126	99.21	126	1	0	0	1	1
Scer_chrI	230218	4550	127	162868	162994	127	1	127	124	1e-57	230	99.21	126	99.21	126	1	0	0	1	1
Scer_chrI	230218	4530	127	165663	165789	1	127	127	124	1e-57	230	99.21	126	99.21	126	1	0	0	1	1
Scer_chrI	230218	4484	127	160678	160804	127	1	127	124	1e-57	230	99.21	126	99.21	126	1	0	0	1	1
Scer_chrI	230218	4454	127	182784	182910	127	1	127	124	1e-57	230	99.21	126	99.21	126	1	0	0	1	1
Scer_chrI	230218	4380	127	165264	165390	1	127	127	124	1e-57	230	99.21	126	99.21	126	1	0	0	1	1
Scer_chrI	230218	4350	127	163483	163609	127	1	127	124	1e-57	230	99.21	126	99.21	126	1	0	0	1	1
Scer_chrI	230218	4324	127	162572	162698	127	1	127	124	1e-57	230	99.21	126	99.21	126	1	0	0	1	1
Scer_chrI	230218	4228	124	18911	19034	124	1	124	124	1e-57	230	100.00	124	100.00	124	0	0	0	1	1
Scer_chrI	230218	4228	124	213080	213203	1	124	124	124	1e-57	230	100.00	124	100.00	124	0	0	0	1	1
Scer_chrI	230218	4212	124	209827	209950	124	1	124	124	1e-57	230	100.00	124	100.00	124	0	0	0	1	1
Scer_chrI	230218	4212	124	22058	22181	1	124	124	118	3e-54	219	98.39	122	98.39	122	2	0	0	1	1
Scer_chrI	230218	4780	129	162634	162762	129	1	129	123	5e-57	228	98.45	127	98.45	127	2	0	0	1	1
Scer_chrI	230218	4198	123	213239	213361	123	1	123	123	5e-57	228	100.00	123	100.00	123	0	0	0	1	1
Scer_chrI	230218	4198	123	18753	18875	1	123	123	123	5e-57	228	100.00	123	100.00	123	0	0	0	1	1
Scer_chrI	230218	8858	9057	183141	183289	149	1	149	122	2e-56	226	93.96	140	93.96	140	9	0	0	1	1
Scer_chrI	230218	8858	9057	139143	139254	232	344	114	85	7e-36	158	92.11	105	92.11	105	6	3	3	1	1
Scer_chrI	230218	7112	816	2432	2609	816	637	180	122	2e-56	226	89.44	161	89.44	161	17	1	2	1	1
Scer_chrI	230218	5552	190	1791	1915	66	190	125	122	2e-56	226	99.20	124	99.20	124	1	0	0	1	1
Scer_chrI	230218	5552	190	176653	176762	80	189	110	80	4e-33	148	90.91	100	90.91	100	10	0	0	1	1
Scer_chrI	230218	5500	185	1063	1247	185	1	186	122	2e-56	226	88.71	165	88.71	165	19	2	2	1	1
Scer_chrI	230218	4158	122	208279	208400	122	1	122	122	2e-56	226	100.00	122	100.00	122	0	0	0	1	1
Scer_chrI	230218	4158	122	23604	23725	1	122	122	104	2e-46	193	95.08	116	95.08	116	6	0	0	1	1
Scer_chrI	230218	4156	122	205767	205888	1	122	122	122	2e-56	226	100.00	122	100.00	122	0	0	0	1	1
Scer_chrI	230218	4156	122	206442	206563	1	122	122	122	2e-56	226	100.00	122	100.00	122	0	0	0	1	1
Scer_chrI	230218	4156	122	25489	25604	116	1	116	101	9e-45	187	95.69	111	95.69	111	5	0	0	1	1
Scer_chrI	230218	4156	122	206310	206428	4	122	119	83	9e-35	154	89.92	107	89.92	107	12	0	0	1	1
Scer_chrI	230218	4156	122	25624	25739	116	1	116	74	9e-30	137	87.93	102	87.93	102	14	0	0	1	1
Scer_chrI	230218	4156	122	205632	205747	1	116	116	74	9e-30	137	87.93	102	87.93	102	14	0	0	1	1
Scer_chrI	230218	4156	122	205902	206023	1	122	122	71	4e-28	132	86.07	105	86.07	105	17	0	0	1	1
Scer_chrI	230218	4686	127	161680	161806	127	1	127	121	7e-56	224	98.43	125	98.43	125	2	0	0	1	1
Scer_chrI	230218	4676	127	163993	164120	127	1	128	121	7e-56	224	98.44	126	98.44	126	1	1	1	1	1
Scer_chrI	230218	4646	127	164713	164839	1	127	127	121	7e-56	224	98.43	125	98.43	125	2	0	0	1	1
Scer_chrI	230218	4644	127	164713	164839	1	127	127	121	7e-56	224	98.43	125	98.43	125	2	0	0	1	1
Scer_chrI	230218	4608	127	163759	163885	127	1	127	121	7e-56	224	98.43	125	98.43	125	2	0	0	1	1
Scer_chrI	230218	4606	127	163759	163885	127	1	127	121	7e-56	224	98.43	125	98.43	125	2	0	0	1	1
Scer_chrI	230218	4578	127	165505	165631	127	1	127	121	7e-56	224	98.43	125	98.43	125	2	0	0	1	1
Scer_chrI	230218	4570	127	25998	26124	127	1	127	121	7e-56	224	98.43	125	98.43	125	2	0	0	1	1
Scer_chrI	230218	4570	127	25863	25989	127	1	127	121	7e-56	224	98.43	125	98.43	125	2	0	0	1	1
Scer_chrI	230218	4570	127	25728	25854	127	1	127	121	7e-56	224	98.43	125	98.43	125	2	0	0	1	1
Scer_chrI	230218	4570	127	205247	205373	1	127	127	121	7e-56	224	98.43	125	98.43	125	2	0	0	1	1
Scer_chrI	230218	4570	127	205382	205508	1	127	127	121	7e-56	224	98.43	125	98.43	125	2	0	0	1	1
Scer_chrI	230218	4570	127	26268	26394	127	1	127	118	3e-54	219	97.64	124	97.64	124	3	0	0	1	1
Scer_chrI	230218	4570	127	205520	205643	4	127	124	118	3e-54	219	98.39	122	98.39	122	2	0	0	1	1
Scer_chrI	230218	4570	127	26403	26529	127	1	127	115	1e-52	213	96.85	123	96.85	123	4	0	0	1	1
Scer_chrI	230218	4570	127	204842	204968	1	127	127	115	1e-52	213	96.85	123	96.85	123	4	0	0	1	1
Scer_chrI	230218	4570	127	204977	205103	1	127	127	115	1e-52	213	96.85	123	96.85	123	4	0	0	1	1
Scer_chrI	230218	4570	127	26133	26259	127	1	127	112	7e-51	207	96.06	122	96.06	122	5	0	0	1	1
Scer_chrI	230218	4570	127	205112	205238	1	127	127	112	7e-51	207	96.06	122	96.06	122	5	0	0	1	1
Scer_chrI	230218	4570	127	26673	26799	127	1	127	103	7e-46	191	93.70	119	93.70	119	8	0	0	1	1
Scer_chrI	230218	4570	127	26538	26664	127	1	127	103	7e-46	191	93.70	119	93.70	119	8	0	0	1	1
Scer_chrI	230218	4570	127	204572	204698	1	127	127	103	7e-46	191	93.70	119	93.70	119	8	0	0	1	1
Scer_chrI	230218	4570	127	204707	204833	1	127	127	103	7e-46	191	93.70	119	93.70	119	8	0	0	1	1
Scer_chrI	230218	4570	127	26808	26922	127	13	115	79	2e-32	147	89.57	103	89.57	103	12	0	0	1	1
Scer_chrI	230218	4570	127	204449	204563	13	127	115	79	2e-32	147	89.57	103	89.57	103	12	0	0	1	1
Scer_chrI	230218	4568	127	165137	165263	1	127	127	121	7e-56	224	98.43	125	98.43	125	2	0	0	1	1
Scer_chrI	230218	4538	127	160429	160555	1	127	127	121	7e-56	224	98.43	125	98.43	125	2	0	0	1	1
Scer_chrI	230218	4538	127	166017	166143	1	127	127	121	7e-56	224	98.43	125	98.43	125	2	0	0	1	1
Scer_chrI	230218	4538	127	189445	189571	127	1	127	94	7e-41	174	91.34	116	91.34	116	11	0	0	1	1
Scer_chrI	230218	4524	127	1939	2065	127	1	127	121	7e-56	224	98.43	125	98.43	125	2	0	0	1	1
Scer_chrI	230218	4488	127	161278	161404	127	1	127	121	7e-56	224	98.43	125	98.43	125	2	0	0	1	1
Scer_chrI	230218	4486	127	166016	166142	127	1	127	121	7e-56	224	98.43	125	98.43	125	2	0	0	1	1
Scer_chrI	230218	4486	127	160428	160554	127	1	127	121	7e-56	224	98.43	125	98.43	125	2	0	0	1	1
Scer_chrI	230218	4486	127	189446	189572	1	127	127	94	7e-41	174	91.34	116	91.34	116	11	0	0	1	1
Scer_chrI	230218	4452	127	162163	162289	127	1	127	121	7e-56	224	98.43	125	98.43	125	2	0	0	1	1
Scer_chrI	230218	4390	127	161170	161296	127	1	127	121	7e-56	224	98.43	125	98.43	125	2	0	0	1	1
Scer_chrI	230218	4362	127	166006	166132	127	1	127	121	7e-56	224	98.43	125	98.43	125	2	0	0	1	1
Scer_chrI	230218	4362	127	160418	160544	127	1	127	121	7e-56	224	98.43	125	98.43	125	2	0	0	1	1
Scer_chrI	230218	4362	127	189456	189582	1	127	127	94	7e-41	174	91.34	116	91.34	116	11	0	0	1	1
Scer_chrI	230218	4358	127	163512	163638	127	1	127	121	7e-56	224	98.43	125	98.43	125	2	0	0	1	1
Scer_chrI	230218	4328	127	164679	164805	127	1	127	121	7e-56	224	98.43	125	98.43	125	2	0	0	1	1
Scer_chrI	230218	4122	121	218746	218866	121	1	121	121	7e-56	224	100.00	121	100.00	121	0	0	0	1	1
Scer_chrI	230218	4114	121	26748	26868	121	1	121	121	7e-56	224	100.00	121	100.00	121	0	0	0	1	1
Scer_chrI	230218	4114	121	204503	204623	1	121	121	121	7e-56	224	100.00	121	100.00	121	0	0	0	1	1
Scer_chrI	230218	4114	121	26613	26732	121	2	120	111	2e-50	206	97.50	117	97.50	117	3	0	0	1	1
Scer_chrI	230218	4114	121	26478	26597	121	2	120	111	2e-50	206	97.50	117	97.50	117	3	0	0	1	1
Scer_chrI	230218	4114	121	204639	204758	2	121	120	111	2e-50	206	97.50	117	97.50	117	3	0	0	1	1
Scer_chrI	230218	4114	121	204774	204893	2	121	120	111	2e-50	206	97.50	117	97.50	117	3	0	0	1	1
Scer_chrI	230218	4114	121	26073	26193	121	1	121	100	3e-44	185	94.21	114	94.21	114	7	0	0	1	1
Scer_chrI	230218	4114	121	205178	205298	1	121	121	100	3e-44	185	94.21	114	94.21	114	7	0	0	1	1
Scer_chrI	230218	4114	121	26883	27003	121	1	121	97	1e-42	180	93.39	113	93.39	113	8	0	0	1	1
Scer_chrI	230218	4114	121	204368	204488	1	121	121	97	1e-42	180	93.39	113	93.39	113	8	0	0	1	1
Scer_chrI	230218	4114	121	26343	26462	121	2	120	93	2e-40	172	92.50	111	92.50	111	9	0	0	1	1
Scer_chrI	230218	4114	121	204909	205028	2	121	120	93	2e-40	172	92.50	111	92.50	111	9	0	0	1	1
Scer_chrI	230218	4114	121	25938	26058	121	1	121	91	3e-39	169	91.74	111	91.74	111	10	0	0	1	1
Scer_chrI	230218	4114	121	205313	205433	1	121	121	91	3e-39	169	91.74	111	91.74	111	10	0	0	1	1
Scer_chrI	230218	4114	121	26208	26327	121	2	120	90	1e-38	167	91.67	110	91.67	110	10	0	0	1	1
Scer_chrI	230218	4114	121	25803	25922	121	2	120	90	1e-38	167	91.67	110	91.67	110	10	0	0	1	1
Scer_chrI	230218	4114	121	205044	205163	2	121	120	87	5e-37	161	90.83	109	90.83	109	11	0	0	1	1
Scer_chrI	230218	4114	121	205449	205568	2	121	120	87	5e-37	161	90.83	109	90.83	109	11	0	0	1	1
Scer_chrI	230218	9562	24426	181131	181262	8201	8069	133	120	2e-55	222	96.99	129	96.99	129	3	1	1	1	1
Scer_chrI	230218	4596	127	182750	182875	127	1	127	120	2e-55	222	98.43	125	98.43	125	1	1	1	1	1
Scer_chrI	230218	4108	120	210047	210166	1	120	120	120	2e-55	222	100.00	120	100.00	120	0	0	0	1	1
Scer_chrI	230218	4108	120	21842	21959	120	3	118	118	3e-54	219	100.00	118	100.00	118	0	0	0	1	1
Scer_chrI	230218	4102	120	226749	226868	1	120	120	120	2e-55	222	100.00	120	100.00	120	0	0	0	1	1
Scer_chrI	230218	4100	120	210851	210970	1	120	120	120	2e-55	222	100.00	120	100.00	120	0	0	0	1	1
Scer_chrI	230218	4100	120	21129	21248	120	1	120	111	2e-50	206	97.50	117	97.50	117	3	0	0	1	1
Scer_chrI	230218	4894	137	163357	163493	137	1	137	119	9e-55	220	95.62	131	95.62	131	6	0	0	1	1
Scer_chrI	230218	4600	127	160858	160984	1	127	127	118	3e-54	219	97.64	124	97.64	124	3	0	0	1	1
Scer_chrI	230218	4514	127	161095	161218	124	1	124	118	3e-54	219	98.39	122	98.39	122	2	0	0	1	1
Scer_chrI	230218	4428	127	161203	161329	127	1	127	118	3e-54	219	97.64	124	97.64	124	3	0	0	1	1
Scer_chrI	230218	4344	127	161215	161341	1	127	127	118	3e-54	219	97.64	124	97.64	124	3	0	0	1	1
Scer_chrI	230218	4342	127	2037	2163	127	1	127	118	3e-54	219	97.64	124	97.64	124	3	0	0	1	1
Scer_chrI	230218	4138	121	163486	163606	1	121	121	118	3e-54	219	99.17	120	99.17	120	1	0	0	1	1
Scer_chrI	230218	4112	121	160275	160395	1	121	121	118	3e-54	219	99.17	120	99.17	120	1	0	0	1	1
Scer_chrI	230218	4112	121	165863	165983	1	121	121	118	3e-54	219	99.17	120	99.17	120	1	0	0	1	1
Scer_chrI	230218	4112	121	183316	183437	121	1	122	88	2e-37	163	90.98	111	90.98	111	10	1	1	1	1
Scer_chrI	230218	4034	118	165672	165789	118	1	118	118	3e-54	219	100.00	118	100.00	118	0	0	0	1	1
Scer_chrI	230218	4025	118	161509	161626	1	118	118	118	3e-54	219	100.00	118	100.00	118	0	0	0	1	1
Scer_chrI	230218	4017	118	160969	161086	118	1	118	118	3e-54	219	100.00	118	100.00	118	0	0	0	1	1
Scer_chrI	230218	8064	3721	166035	166163	3721	3593	129	117	1e-53	217	96.90	125	96.90	125	4	0	0	1	1
Scer_chrI	230218	8064	3721	160447	160574	3721	3594	128	116	4e-53	215	96.88	124	96.88	124	4	0	0	1	1
Scer_chrI	230218	8064	3721	183141	183302	161	1	162	113	2e-51	209	90.12	146	90.12	146	15	1	1	1	1
Scer_chrI	230218	8064	3721	189423	189530	3591	3698	108	99	1e-43	183	97.22	105	97.22	105	3	0	0	1	1
Scer_chrI	230218	8064	3721	160350	160544	3401	3586	195	64	3e-24	119	78.46	153	78.46	153	33	5	9	1	1
Scer_chrI	230218	8064	3721	165938	166132	3401	3586	195	64	3e-24	119	78.46	153	78.46	153	33	5	9	1	1
Scer_chrI	230218	8064	3721	189477	189581	3565	3462	105	44	4e-13	82.4	80.95	85	80.95	85	19	1	1	1	1
Scer_chrI	230218	7446	1501	176653	176784	132	1	132	117	1e-53	217	96.21	127	96.21	127	5	0	0	1	1
Scer_chrI	230218	5520	187	162361	162537	187	11	178	117	1e-53	217	88.76	158	88.76	158	18	2	2	1	1
Scer_chrI	230218	5456	183	160792	160974	1	183	183	117	1e-53	217	87.98	161	87.98	161	22	0	0	1	1
Scer_chrI	230218	5390	174	2137	2304	1	168	168	117	1e-53	217	89.88	151	89.88	151	17	0	0	1	1
Scer_chrI	230218	5300	166	161251	161415	165	1	165	117	1e-53	217	90.30	149	90.30	149	16	0	0	1	1
Scer_chrI	230218	4870	135	205776	205910	1	135	135	117	1e-53	217	95.56	129	95.56	129	6	0	0	1	1
Scer_chrI	230218	4870	135	206451	206579	1	129	129	102	2e-45	189	93.02	120	93.02	120	9	0	0	1	1
Scer_chrI	230218	4870	135	206317	206450	2	135	134	95	2e-41	176	90.30	121	90.30	121	13	0	0	1	1
Scer_chrI	230218	4870	135	25596	25730	135	1	135	87	5e-37	161	88.15	119	88.15	119	16	0	0	1	1
Scer_chrI	230218	4870	135	205641	205775	1	135	135	87	5e-37	161	88.15	119	88.15	119	16	0	0	1	1
Scer_chrI	230218	4870	135	205932	206045	22	135	114	75	3e-30	139	88.60	101	88.60	101	13	0	0	1	1
Scer_chrI	230218	4742	127	162110	162235	2	127	126	117	1e-53	217	97.62	123	97.62	123	3	0	0	1	1
Scer_chrI	230218	4284	126	162046	162171	1	126	126	117	1e-53	217	97.62	123	97.62	123	3	0	0	1	1
Scer_chrI	230218	4005	117	223659	223775	117	1	117	117	1e-53	217	100.00	117	100.00	117	0	0	0	1	1
Scer_chrI	230218	3999	117	218521	218637	117	1	117	117	1e-53	217	100.00	117	100.00	117	0	0	0	1	1
Scer_chrI	230218	3999	117	13655	13771	1	117	117	117	1e-53	217	100.00	117	100.00	117	0	0	0	1	1
Scer_chrI	230218	3991	117	162115	162231	1	117	117	117	1e-53	217	100.00	117	100.00	117	0	0	0	1	1
Scer_chrI	230218	3985	117	160792	160908	1	117	117	117	1e-53	217	100.00	117	100.00	117	0	0	0	1	1
Scer_chrI	230218	3979	117	163357	163473	117	1	117	117	1e-53	217	100.00	117	100.00	117	0	0	0	1	1
Scer_chrI	230218	9662	32136	182841	182959	1	119	119	116	4e-53	215	99.16	118	99.16	118	1	0	0	1	1
Scer_chrI	230218	8724	7632	160247	160413	7224	7390	167	116	4e-53	215	89.82	150	89.82	150	17	0	0	1	1
Scer_chrI	230218	8724	7632	165835	166001	7224	7390	167	116	4e-53	215	89.82	150	89.82	150	17	0	0	1	1
Scer_chrI	230218	8724	7632	166266	166328	7570	7632	63	63	1e-23	117	100.00	63	100.00	63	0	0	0	1	1
Scer_chrI	230218	4766	128	165834	165961	128	1	128	116	4e-53	215	96.88	124	96.88	124	4	0	0	1	1
Scer_chrI	230218	4766	128	160246	160373	128	1	128	116	4e-53	215	96.88	124	96.88	124	4	0	0	1	1
Scer_chrI	230218	4766	128	183341	183466	4	128	126	98	4e-43	182	92.86	117	92.86	117	8	1	1	1	1
Scer_chrI	230218	4766	128	189625	189749	2	128	128	78	5e-32	145	87.50	112	87.50	112	12	3	4	1	1
Scer_chrI	230218	4252	125	165779	165903	125	1	125	116	4e-53	215	97.60	122	97.60	122	3	0	0	1	1
Scer_chrI	230218	4252	125	160238	160315	78	1	78	69	5e-27	128	96.15	75	96.15	75	3	0	0	1	1
Scer_chrI	230218	4252	125	183397	183457	1	61	61	61	2e-22	113	100.00	61	100.00	61	0	0	0	1	1
Scer_chrI	230218	4062	119	182756	182874	119	1	119	116	4e-53	215	99.16	118	99.16	118	1	0	0	1	1
Scer_chrI	230218	3956	116	12204	12319	116	1	116	116	4e-53	215	100.00	116	100.00	116	0	0	0	1	1
Scer_chrI	230218	3956	116	24636	24751	116	1	116	83	9e-35	154	90.52	105	90.52	105	11	0	0	1	1
Scer_chrI	230218	3956	116	207238	207353	1	116	116	77	2e-31	143	88.79	103	88.79	103	13	0	0	1	1
Scer_chrI	230218	4384	127	189563	189689	1	127	127	115	1e-52	213	96.85	123	96.85	123	4	0	0	1	1
Scer_chrI	230218	4366	127	164423	164549	127	1	127	115	1e-52	213	96.85	123	96.85	123	4	0	0	1	1
Scer_chrI	230218	4256	125	182670	182793	125	1	125	115	1e-52	213	97.60	122	97.60	122	2	1	1	1	1
Scer_chrI	230218	4232	124	1185	1308	1	124	124	115	1e-52	213	97.58	121	97.58	121	3	0	0	1	1
Scer_chrI	230218	4218	124	1614	1738	124	1	125	115	1e-52	213	97.60	122	97.60	122	2	1	1	1	1
Scer_chrI	230218	3934	115	161206	161320	115	1	115	115	1e-52	213	100.00	115	100.00	115	0	0	0	1	1
Scer_chrI	230218	3920	115	24124	24238	115	1	115	115	1e-52	213	100.00	115	100.00	115	0	0	0	1	1
Scer_chrI	230218	3920	115	207778	207892	1	115	115	115	1e-52	213	100.00	115	100.00	115	0	0	0	1	1
Scer_chrI	230218	3920	115	11692	11806	115	1	115	106	1e-47	196	97.39	112	97.39	112	3	0	0	1	1
Scer_chrI	230218	6784	456	183142	183277	322	456	136	114	5e-52	211	94.85	129	94.85	129	6	1	1	1	1
Scer_chrI	230218	6784	456	165846	165888	43	1	43	43	2e-12	80.5	100.00	43	100.00	43	0	0	0	1	1
Scer_chrI	230218	6784	456	160258	160300	43	1	43	43	2e-12	80.5	100.00	43	100.00	43	0	0	0	1	1
Scer_chrI	230218	6784	456	183412	183454	1	43	43	43	2e-12	80.5	100.00	43	100.00	43	0	0	0	1	1
Scer_chrI	230218	5372	172	161353	161520	1	168	168	114	5e-52	211	89.29	150	89.29	150	18	0	0	1	1
Scer_chrI	230218	4832	132	165766	165897	1	132	132	114	5e-52	211	95.45	126	95.45	126	6	0	0	1	1
Scer_chrI	230218	4832	132	160238	160309	61	132	72	63	1e-23	117	95.83	69	95.83	69	3	0	0	1	1
Scer_chrI	230218	4832	132	183403	183465	132	70	63	60	6e-22	111	98.41	62	98.41	62	1	0	0	1	1
Scer_chrI	230218	4694	127	1919	2044	126	1	126	114	5e-52	211	96.83	122	96.83	122	4	0	0	1	1
Scer_chrI	230218	4468	127	2341	2466	2	127	126	114	5e-52	211	96.83	122	96.83	122	4	0	0	1	1
Scer_chrI	230218	4316	126	189476	189601	126	1	126	114	5e-52	211	96.83	122	96.83	122	4	0	0	1	1
Scer_chrI	230218	4316	126	160400	160524	2	126	125	104	2e-46	193	94.40	118	94.40	118	7	0	0	1	1
Scer_chrI	230218	4316	126	165988	166112	2	126	125	104	2e-46	193	94.40	118	94.40	118	7	0	0	1	1
Scer_chrI	230218	4011	118	223659	223775	1	118	118	114	5e-52	211	99.15	117	99.15	117	0	1	1	1	1
Scer_chrI	230218	3899	114	160514	160627	114	1	114	114	5e-52	211	100.00	114	100.00	114	0	0	0	1	1
Scer_chrI	230218	3899	114	166102	166162	114	54	61	61	2e-22	113	100.00	61	100.00	61	0	0	0	1	1
Scer_chrI	230218	3891	114	161405	161518	114	1	114	114	5e-52	211	100.00	114	100.00	114	0	0	0	1	1
Scer_chrI	230218	5560	190	359	546	182	1	189	113	2e-51	209	87.30	165	87.30	165	16	5	8	1	1
Scer_chrI	230218	5142	153	162396	162547	2	153	152	113	2e-51	209	91.45	139	91.45	139	13	0	0	1	1
Scer_chrI	230218	4808	131	2050	2180	131	1	131	113	2e-51	209	95.42	125	95.42	125	6	0	0	1	1
Scer_chrI	230218	4522	127	189621	189745	1	126	126	113	2e-51	209	96.83	122	96.83	122	3	1	1	1	1
Scer_chrI	230218	4522	127	183364	183462	30	126	99	62	4e-23	115	87.88	87	87.88	87	10	2	2	1	1
Scer_chrI	230218	3859	113	160742	160854	113	1	113	113	2e-51	209	100.00	113	100.00	113	0	0	0	1	1
Scer_chrI	230218	3857	113	24046	24158	113	1	113	113	2e-51	209	100.00	113	100.00	113	0	0	0	1	1
Scer_chrI	230218	3857	113	207858	207970	1	113	113	107	4e-48	198	98.23	111	98.23	111	2	0	0	1	1
Scer_chrI	230218	3857	113	11632	11726	95	1	95	65	9e-25	121	89.47	85	89.47	85	10	0	0	1	1
Scer_chrI	230218	5898	224	160309	160465	68	219	158	112	7e-51	207	91.14	144	91.14	144	7	3	7	1	1
Scer_chrI	230218	5898	224	165897	166053	68	219	158	112	7e-51	207	91.14	144	91.14	144	7	3	7	1	1
Scer_chrI	230218	5572	191	182846	182960	1	115	115	112	7e-51	207	99.13	114	99.13	114	1	0	0	1	1
Scer_chrI	230218	5328	169	160765	160933	1	169	169	112	7e-51	207	88.76	150	88.76	150	19	0	0	1	1
Scer_chrI	230218	4664	127	160966	161092	127	1	127	112	7e-51	207	96.06	122	96.06	122	5	0	0	1	1
Scer_chrI	230218	4040	118	2083	2200	118	1	118	112	7e-51	207	98.31	116	98.31	116	2	0	0	1	1
Scer_chrI	230218	4040	118	176931	177041	118	15	111	56	9e-20	104	84.68	94	84.68	94	10	5	7	1	1
Scer_chrI	230218	4038	118	2083	2197	118	4	115	112	7e-51	207	99.13	114	99.13	114	1	0	0	1	1
Scer_chrI	230218	4038	118	176931	177041	118	15	111	53	4e-18	99.0	83.78	93	83.78	93	11	5	7	1	1
Scer_chrI	230218	4021	118	162349	162466	1	118	118	112	7e-51	207	98.31	116	98.31	116	2	0	0	1	1
Scer_chrI	230218	3817	112	163431	163542	112	1	112	112	7e-51	207	100.00	112	100.00	112	0	0	0	1	1
Scer_chrI	230218	9530	22534	182845	182959	1	114	115	111	2e-50	206	99.13	114	99.13	114	0	1	1	1	1
Scer_chrI	230218	7310	1153	160238	160378	80	221	143	111	2e-50	206	93.01	133	93.01	133	7	3	3	1	1
Scer_chrI	230218	7310	1153	165826	165966	80	221	143	111	2e-50	206	93.01	133	93.01	133	7	3	3	1	1
Scer_chrI	230218	7310	1153	183337	183475	217	79	141	88	2e-37	163	87.94	124	87.94	124	13	4	4	1	1
Scer_chrI	230218	7310	1153	165826	165886	61	1	61	61	2e-22	113	100.00	61	100.00	61	0	0	0	1	1
Scer_chrI	230218	7310	1153	160238	160298	61	1	61	61	2e-22	113	100.00	61	100.00	61	0	0	0	1	1
Scer_chrI	230218	7310	1153	189426	189485	1094	1153	60	57	3e-20	106	98.33	59	98.33	59	1	0	0	1	1
Scer_chrI	230218	7310	1153	166103	166162	1153	1094	60	54	1e-18	100	96.67	58	96.67	58	2	0	0	1	1
Scer_chrI	230218	7310	1153	160515	160574	1153	1094	60	54	1e-18	100	96.67	58	96.67	58	2	0	0	1	1
Scer_chrI	230218	7310	1153	183414	183475	1	62	62	53	4e-18	99.0	95.16	59	95.16	59	3	0	0	1	1
Scer_chrI	230218	6656	396	160234	160465	229	5	232	111	2e-50	206	83.19	193	83.19	193	32	3	7	1	1
Scer_chrI	230218	6656	396	165829	166053	222	5	225	110	9e-50	204	83.56	188	83.56	188	30	3	7	1	1
Scer_chrI	230218	5102	150	2645	2795	150	1	151	111	2e-50	206	91.39	138	91.39	138	12	1	1	1	1
Scer_chrI	230218	4876	136	206363	206494	136	5	132	111	2e-50	206	94.70	125	94.70	125	7	0	0	1	1
Scer_chrI	230218	4876	136	206228	206359	136	5	132	111	2e-50	206	94.70	125	94.70	125	7	0	0	1	1
Scer_chrI	230218	4876	136	205688	205819	136	5	132	111	2e-50	206	94.70	125	94.70	125	7	0	0	1	1
Scer_chrI	230218	4876	136	25552	25683	5	136	132	111	2e-50	206	94.70	125	94.70	125	7	0	0	1	1
Scer_chrI	230218	4876	136	205958	206089	136	5	132	105	5e-47	195	93.18	123	93.18	123	9	0	0	1	1
Scer_chrI	230218	4876	136	205823	205957	136	2	135	81	1e-33	150	86.67	117	86.67	117	18	0	0	1	1
Scer_chrI	230218	4876	136	206498	206629	136	5	132	51	6e-17	95.3	79.55	105	79.55	105	27	0	0	1	1
Scer_chrI	230218	4586	127	2341	2466	2	127	126	111	2e-50	206	96.03	121	96.03	121	5	0	0	1	1
Scer_chrI	230218	4296	126	529	651	123	1	123	111	2e-50	206	96.75	119	96.75	119	4	0	0	1	1
Scer_chrI	230218	4296	126	229595	229686	33	124	92	62	4e-23	115	89.13	82	89.13	82	10	0	0	1	1
Scer_chrI	230218	4274	126	183151	183276	1	126	126	111	2e-50	206	96.03	121	96.03	121	5	0	0	1	1
Scer_chrI	230218	3989	117	162115	162231	1	117	117	111	2e-50	206	98.29	115	98.29	115	2	0	0	1	1
Scer_chrI	230218	3987	117	165771	165887	117	1	117	111	2e-50	206	98.29	115	98.29	115	2	0	0	1	1
Scer_chrI	230218	3987	117	160238	160299	62	1	62	56	9e-20	104	96.77	60	96.77	60	2	0	0	1	1
Scer_chrI	230218	3987	117	183413	183462	1	50	50	47	9e-15	87.9	98.00	49	98.00	49	1	0	0	1	1
Scer_chrI	230218	3897	114	160288	160401	1	114	114	111	2e-50	206	99.12	113	99.12	113	1	0	0	1	1
Scer_chrI	230218	3897	114	165876	165989	1	114	114	111	2e-50	206	99.12	113	99.12	113	1	0	0	1	1
Scer_chrI	230218	3897	114	183310	183424	114	1	115	87	5e-37	161	92.17	106	92.17	106	8	1	1	1	1
Scer_chrI	230218	6290	291	183141	183302	161	1	162	110	9e-50	204	89.51	145	89.51	145	16	1	1	1	1
Scer_chrI	230218	6290	291	183142	183201	232	291	60	60	6e-22	111	100.00	60	100.00	60	0	0	0	1	1
Scer_chrI	230218	5454	182	162230	162399	182	13	171	110	9e-50	204	88.30	151	88.30	151	18	2	2	1	1
Scer_chrI	230218	4828	132	2460	2589	1	132	132	110	9e-50	204	94.70	125	94.70	125	5	2	2	1	1
Scer_chrI	230218	4166	122	161601	161722	122	1	122	110	9e-50	204	96.72	118	96.72	118	4	0	0	1	1
Scer_chrI	230218	4054	119	165776	165894	119	1	119	110	9e-50	204	97.48	116	97.48	116	3	0	0	1	1
Scer_chrI	230218	4054	119	160238	160306	69	1	69	60	6e-22	111	95.65	66	95.65	66	3	0	0	1	1
Scer_chrI	230218	4054	119	183406	183462	1	57	57	54	1e-18	100	98.25	56	98.25	56	1	0	0	1	1
Scer_chrI	230218	4003	117	163553	163667	117	1	117	110	9e-50	204	98.29	115	98.29	115	0	1	2	1	1
Scer_chrI	230218	3781	110	216557	216666	110	1	110	110	9e-50	204	100.00	110	100.00	110	0	0	0	1	1
Scer_chrI	230218	3781	110	15620	15729	1	110	110	110	9e-50	204	100.00	110	100.00	110	0	0	0	1	1
Scer_chrI	230218	3770	110	207450	207559	1	110	110	110	9e-50	204	100.00	110	100.00	110	0	0	0	1	1
Scer_chrI	230218	3770	110	11998	12107	110	1	110	110	9e-50	204	100.00	110	100.00	110	0	0	0	1	1
Scer_chrI	230218	3770	110	24432	24539	108	1	108	102	2e-45	189	98.15	106	98.15	106	2	0	0	1	1
Scer_chrI	230218	3750	110	212677	212786	110	1	110	110	9e-50	204	100.00	110	100.00	110	0	0	0	1	1
Scer_chrI	230218	3750	110	19326	19435	1	110	110	110	9e-50	204	100.00	110	100.00	110	0	0	0	1	1
Scer_chrI	230218	7398	1390	160238	160349	1279	1390	112	109	3e-49	202	99.11	111	99.11	111	1	0	0	1	1
Scer_chrI	230218	7398	1390	165826	165937	1279	1390	112	109	3e-49	202	99.11	111	99.11	111	1	0	0	1	1
Scer_chrI	230218	7398	1390	183364	183479	1388	1274	116	88	2e-37	163	92.24	107	92.24	107	8	1	1	1	1
Scer_chrI	230218	5962	231	182776	182902	105	231	127	109	3e-49	202	95.28	121	95.28	121	6	0	0	1	1
Scer_chrI	230218	5962	231	183141	183246	106	1	106	82	3e-34	152	92.45	98	92.45	98	8	0	0	1	1
Scer_chrI	230218	4838	133	940	1072	1	133	133	109	3e-49	202	93.98	125	93.98	125	8	0	0	1	1
Scer_chrI	230218	4710	127	161781	161907	127	1	127	109	3e-49	202	95.28	121	95.28	121	6	0	0	1	1
Scer_chrI	230218	4540	127	162701	162827	127	1	127	109	3e-49	202	95.28	121	95.28	121	6	0	0	1	1
Scer_chrI	230218	4432	127	161413	161539	1	127	127	109	3e-49	202	95.28	121	95.28	121	6	0	0	1	1
Scer_chrI	230218	4382	127	189578	189704	127	1	127	109	3e-49	202	95.28	121	95.28	121	6	0	0	1	1
Scer_chrI	230218	4346	127	1374	1500	127	1	127	109	3e-49	202	95.28	121	95.28	121	6	0	0	1	1
Scer_chrI	230218	4140	121	160966	161086	1	121	121	109	3e-49	202	96.69	117	96.69	117	4	0	0	1	1
